{"timestamp":"2026-03-04T06:24:12.274Z","level":"EMAIL_FAILED","category":"EMAIL","message":"Failed to send email to anasirfan101010@gmail.com","details":{"recipient":"anasirfan101010@gmail.com","subject":"LIMI AI Assessment | Anas Irfan","error":"SQLITE_ERROR: no such table: oauth_tokens","errorCode":"SQLITE_ERROR","errorMessage":"SQLITE_ERROR: no such table: oauth_tokens"},"pid":8184}
{"timestamp":"2026-03-08T17:53:53.163Z","level":"ERROR","category":"RESCHEDULE","message":"Failed to update calendar event","details":{"error":"Cannot find module '../services/calendar.service'\nRequire stack:\n- C:\\Users\\Administrator\\Desktop\\IMS\\backend-new\\src\\controllers\\candidate.controller.js\n- C:\\Users\\Administrator\\Desktop\\IMS\\backend-new\\src\\routes\\candidate.routes.js\n- C:\\Users\\Administrator\\Desktop\\IMS\\backend-new\\src\\server.js"},"pid":26784}
{"timestamp":"2026-03-09T21:13:26.072Z","level":"ERROR","category":"BULK_UPLOAD","message":"Failed to process CV","details":{"error":"aiProcessor.parseCv is not a function"},"pid":21636}
{"timestamp":"2026-03-09T21:13:26.782Z","level":"ERROR","category":"BULK_UPLOAD","message":"Failed to process CV","details":{"error":"aiProcessor.parseCv is not a function"},"pid":21636}
{"timestamp":"2026-03-09T21:13:27.498Z","level":"ERROR","category":"BULK_UPLOAD","message":"Failed to process CV","details":{"error":"aiProcessor.parseCv is not a function"},"pid":21636}
{"timestamp":"2026-03-09T21:13:28.122Z","level":"ERROR","category":"BULK_UPLOAD","message":"Failed to process CV","details":{"error":"aiProcessor.parseCv is not a function"},"pid":21636}
{"timestamp":"2026-03-09T21:13:28.775Z","level":"ERROR","category":"BULK_UPLOAD","message":"Failed to process CV","details":{"error":"aiProcessor.parseCv is not a function"},"pid":21636}
{"timestamp":"2026-03-09T21:13:29.393Z","level":"ERROR","category":"BULK_UPLOAD","message":"Failed to process CV","details":{"error":"aiProcessor.parseCv is not a function"},"pid":21636}
{"timestamp":"2026-03-09T21:13:30.090Z","level":"ERROR","category":"BULK_UPLOAD","message":"Failed to process CV","details":{"error":"aiProcessor.parseCv is not a function"},"pid":21636}
{"timestamp":"2026-03-09T21:13:30.781Z","level":"ERROR","category":"BULK_UPLOAD","message":"Failed to process CV","details":{"error":"aiProcessor.parseCv is not a function"},"pid":21636}
{"timestamp":"2026-03-09T21:13:31.399Z","level":"ERROR","category":"BULK_UPLOAD","message":"Failed to process CV","details":{"error":"aiProcessor.parseCv is not a function"},"pid":21636}
{"timestamp":"2026-03-09T21:13:32.032Z","level":"ERROR","category":"BULK_UPLOAD","message":"Failed to process CV","details":{"error":"aiProcessor.parseCv is not a function"},"pid":21636}
{"timestamp":"2026-03-09T21:13:32.605Z","level":"ERROR","category":"BULK_UPLOAD","message":"Failed to process CV","details":{"error":"aiProcessor.parseCv is not a function"},"pid":21636}
{"timestamp":"2026-03-09T21:13:33.201Z","level":"ERROR","category":"BULK_UPLOAD","message":"Failed to process CV","details":{"error":"aiProcessor.parseCv is not a function"},"pid":21636}
{"timestamp":"2026-03-09T21:13:33.796Z","level":"ERROR","category":"BULK_UPLOAD","message":"Failed to process CV","details":{"error":"aiProcessor.parseCv is not a function"},"pid":21636}
{"timestamp":"2026-03-09T21:13:34.394Z","level":"ERROR","category":"BULK_UPLOAD","message":"Failed to process CV","details":{"error":"aiProcessor.parseCv is not a function"},"pid":21636}
{"timestamp":"2026-03-09T21:13:35.004Z","level":"ERROR","category":"BULK_UPLOAD","message":"Failed to process CV","details":{"error":"aiProcessor.parseCv is not a function"},"pid":21636}
{"timestamp":"2026-03-09T21:13:36.252Z","level":"ERROR","category":"BULK_UPLOAD","message":"Failed to process CV","details":{"error":"aiProcessor.parseCv is not a function"},"pid":21636}
{"timestamp":"2026-03-09T21:13:40.212Z","level":"ERROR","category":"BULK_UPLOAD","message":"Failed to process CV","details":{"error":"aiProcessor.parseCv is not a function"},"pid":21636}
{"timestamp":"2026-03-09T21:13:40.819Z","level":"ERROR","category":"BULK_UPLOAD","message":"Failed to process CV","details":{"error":"aiProcessor.parseCv is not a function"},"pid":21636}
{"timestamp":"2026-03-09T21:13:41.430Z","level":"ERROR","category":"BULK_UPLOAD","message":"Failed to process CV","details":{"error":"aiProcessor.parseCv is not a function"},"pid":21636}
{"timestamp":"2026-03-09T21:13:42.885Z","level":"ERROR","category":"BULK_UPLOAD","message":"Failed to process CV","details":{"error":"aiProcessor.parseCv is not a function"},"pid":21636}
{"timestamp":"2026-03-09T21:13:43.951Z","level":"ERROR","category":"BULK_UPLOAD","message":"Failed to process CV","details":{"error":"aiProcessor.parseCv is not a function"},"pid":21636}
{"timestamp":"2026-03-09T21:13:44.907Z","level":"ERROR","category":"BULK_UPLOAD","message":"Failed to process CV","details":{"error":"aiProcessor.parseCv is not a function"},"pid":21636}
{"timestamp":"2026-03-09T21:13:46.012Z","level":"ERROR","category":"BULK_UPLOAD","message":"Failed to process CV","details":{"error":"aiProcessor.parseCv is not a function"},"pid":21636}
{"timestamp":"2026-03-09T21:13:47.205Z","level":"ERROR","category":"BULK_UPLOAD","message":"Failed to process CV","details":{"error":"aiProcessor.parseCv is not a function"},"pid":21636}
{"timestamp":"2026-03-09T21:13:47.969Z","level":"ERROR","category":"BULK_UPLOAD","message":"Failed to process CV","details":{"error":"aiProcessor.parseCv is not a function"},"pid":21636}
{"timestamp":"2026-03-09T21:13:49.831Z","level":"ERROR","category":"BULK_UPLOAD","message":"Failed to process CV","details":{"error":"aiProcessor.parseCv is not a function"},"pid":21636}
{"timestamp":"2026-03-09T21:13:50.912Z","level":"ERROR","category":"BULK_UPLOAD","message":"Failed to process CV","details":{"error":"aiProcessor.parseCv is not a function"},"pid":21636}
{"timestamp":"2026-03-09T21:13:51.842Z","level":"ERROR","category":"BULK_UPLOAD","message":"Failed to process CV","details":{"error":"aiProcessor.parseCv is not a function"},"pid":21636}
{"timestamp":"2026-03-09T21:13:52.844Z","level":"ERROR","category":"BULK_UPLOAD","message":"Failed to process CV","details":{"error":"aiProcessor.parseCv is not a function"},"pid":21636}
{"timestamp":"2026-03-09T21:13:53.919Z","level":"ERROR","category":"BULK_UPLOAD","message":"Failed to process CV","details":{"error":"aiProcessor.parseCv is not a function"},"pid":21636}
{"timestamp":"2026-03-09T21:13:54.849Z","level":"ERROR","category":"BULK_UPLOAD","message":"Failed to process CV","details":{"error":"aiProcessor.parseCv is not a function"},"pid":21636}
{"timestamp":"2026-03-09T21:50:51.651Z","level":"ERROR","category":"BULK_UPLOAD","message":"Failed to process CV","details":{"error":"SQLITE_CONSTRAINT: NOT NULL constraint failed: candidates.email"},"pid":8124}
{"timestamp":"2026-03-10T00:30:02.229Z","level":"ERROR","category":"RESCHEDULE","message":"Failed to update calendar event","details":{"error":"Cannot find module '../services/calendar.service'\nRequire stack:\n- C:\\Users\\Administrator\\Desktop\\IMS\\backend-new\\src\\controllers\\candidate.controller.js\n- C:\\Users\\Administrator\\Desktop\\IMS\\backend-new\\src\\routes\\candidate.routes.js\n- C:\\Users\\Administrator\\Desktop\\IMS\\backend-new\\src\\server.js"},"pid":8124}
{"timestamp":"2026-03-16T20:54:03.066Z","level":"ERROR","category":"ASSESSMENT_GEN","message":"Failed to generate assessment","details":{"error":"aiProcessor.generateAssessment is not a function","candidateId":"f5064469-aa6e-4e14-a20d-6cde1941bc72"},"pid":20308}
{"timestamp":"2026-03-16T20:54:03.223Z","level":"ERROR","category":"ASSESSMENT_PROCESS","message":"Failed to process assessment","details":{"error":"aiProcessor.generateAssessment is not a function","candidateId":"f5064469-aa6e-4e14-a20d-6cde1941bc72"},"pid":20308}
{"timestamp":"2026-03-16T22:15:09.906Z","level":"ERROR","category":"ASSESSMENT_GEN","message":"Failed to generate assessment","details":{"error":"fetch failed","candidateId":"cd4520df-2d35-4f9c-bc72-e8dd73996f97"},"pid":29660}
{"timestamp":"2026-03-16T22:15:10.013Z","level":"ERROR","category":"ASSESSMENT_PROCESS","message":"Failed to process assessment","details":{"error":"fetch failed","candidateId":"cd4520df-2d35-4f9c-bc72-e8dd73996f97"},"pid":29660}
