{"timestamp":"2026-03-04T06:14:44.295Z","level":"SUCCESS","category":"ASSESSMENT","message":"Assessment status reverted for Anas Irfan","details":{"candidateId":"817f2ff9-83e3-428c-8758-413ae7c2d334","email":"anasirfan101010@gmail.com"},"pid":3232}
{"timestamp":"2026-03-04T06:16:04.822Z","level":"SUCCESS","category":"ASSESSMENT","message":"Assessment email sent to Anas Irfan","details":{"candidateId":"817f2ff9-83e3-428c-8758-413ae7c2d334","email":"anasirfan101010@gmail.com","subject":"LIMI AI Assessment | Anas Irfan"},"pid":3232}
{"timestamp":"2026-03-04T06:23:46.664Z","level":"SUCCESS","category":"ASSESSMENT","message":"Assessment status reverted for Anas Irfan","details":{"candidateId":"817f2ff9-83e3-428c-8758-413ae7c2d334","email":"anasirfan101010@gmail.com"},"pid":8184}
{"timestamp":"2026-03-04T06:27:26.310Z","level":"SUCCESS","category":"ASSESSMENT","message":"Assessment email sent to Anas Irfan","details":{"candidateId":"817f2ff9-83e3-428c-8758-413ae7c2d334","email":"anasirfan101010@gmail.com","subject":"LIMI AI Assessment | Anas Irfan","messageId":"19cb7879faafd330","hasAttachment":true},"pid":6488}
{"timestamp":"2026-03-04T06:30:13.310Z","level":"SUCCESS","category":"ASSESSMENT","message":"Assessment status reverted for Anas Irfan","details":{"candidateId":"817f2ff9-83e3-428c-8758-413ae7c2d334","email":"anasirfan101010@gmail.com"},"pid":6488}
{"timestamp":"2026-03-04T06:30:33.196Z","level":"SUCCESS","category":"ASSESSMENT","message":"Assessment email sent to Anas Irfan","details":{"candidateId":"817f2ff9-83e3-428c-8758-413ae7c2d334","email":"anasirfan101010@gmail.com","subject":"LIMI AI Assessment | Anas Irfan","messageId":"19cb78a7a417d859","hasAttachment":true},"pid":6488}
{"timestamp":"2026-03-04T06:32:56.575Z","level":"SUCCESS","category":"ASSESSMENT","message":"Assessment status reverted for Anas Irfan","details":{"candidateId":"817f2ff9-83e3-428c-8758-413ae7c2d334","email":"anasirfan101010@gmail.com"},"pid":17124}
{"timestamp":"2026-03-04T06:33:19.445Z","level":"SUCCESS","category":"ASSESSMENT","message":"Assessment email sent to Anas Irfan","details":{"candidateId":"817f2ff9-83e3-428c-8758-413ae7c2d334","email":"anasirfan101010@gmail.com","subject":"LIMI AI Assessment | Anas Irfan","messageId":"19cb78d03bd7c491","hasAttachment":true},"pid":17124}
{"timestamp":"2026-03-04T06:37:30.400Z","level":"SUCCESS","category":"ASSESSMENT","message":"Assessment status reverted for Anas Irfan","details":{"candidateId":"817f2ff9-83e3-428c-8758-413ae7c2d334","email":"anasirfan101010@gmail.com"},"pid":18224}
{"timestamp":"2026-03-04T06:37:54.178Z","level":"SUCCESS","category":"ASSESSMENT","message":"Assessment email sent to Anas Irfan","details":{"candidateId":"817f2ff9-83e3-428c-8758-413ae7c2d334","email":"anasirfan101010@gmail.com","subject":"LIMI AI Assessment | Anas Irfan","messageId":"19cb79134bc82f69","hasAttachment":true},"pid":18224}
{"timestamp":"2026-03-04T06:55:18.015Z","level":"SUCCESS","category":"ASSESSMENT_REPLY","message":"Assessment reply with link received from Anas Irfan","details":{"candidateId":"817f2ff9-83e3-428c-8758-413ae7c2d334","email":"anasirfan101010@gmail.com","links":["https://github.com/kashifraza5/limi-ai-lead-scoring-visualization-board.git","https://limi-ai-lead-scoring-visualization.vercel.app/"],"newStatus":"SCREENING"},"pid":16020}
{"timestamp":"2026-03-04T07:27:37.293Z","level":"SUCCESS","category":"MEETING","message":"Google Meet created for Anas Irfan","details":{"candidateId":"817f2ff9-83e3-428c-8758-413ae7c2d334","meetLink":"https://meet.google.com/kzx-uesm-aqk","eventId":"ol9sgf2olv9rg5rkhoaq0qlls8","dateTime":"2026-03-05T21:00:00"},"pid":19300}
{"timestamp":"2026-03-04T07:28:31.126Z","level":"SUCCESS","category":"MEETING_INVITE","message":"Meeting invitation sent to Anas Irfan","details":{"candidateId":"817f2ff9-83e3-428c-8758-413ae7c2d334","email":"anasirfan101010@gmail.com","meetLink":"https://meet.google.com/kzx-uesm-aqk","dateTime":"2026-03-05T21:00:00"},"pid":19300}
{"timestamp":"2026-03-04T08:23:21.533Z","level":"SUCCESS","category":"MESSAGE_REPLY","message":"Reply sent to Anas Irfan","details":{"candidateId":"817f2ff9-83e3-428c-8758-413ae7c2d334","email":"anasirfan101010@gmail.com","subject":"Re: Re: LIMI AI Assessment | Anas Irfan"},"pid":6004}
{"timestamp":"2026-03-04T08:30:36.797Z","level":"SUCCESS","category":"MESSAGE_REPLY","message":"Reply sent to Anas Irfan","details":{"candidateId":"817f2ff9-83e3-428c-8758-413ae7c2d334","email":"anasirfan101010@gmail.com","subject":"Re: Re: LIMI AI Assessment | Anas Irfan"},"pid":9372}
{"timestamp":"2026-03-05T05:43:49.401Z","level":"SUCCESS","category":"MESSAGE_RECEIVED","message":"Message received from Anas Irfan","details":{"candidateId":"817f2ff9-83e3-428c-8758-413ae7c2d334","email":"anasirfan101010@gmail.com","hasLinks":false},"pid":13904}
{"timestamp":"2026-03-05T05:43:50.087Z","level":"SUCCESS","category":"MESSAGE_RECEIVED","message":"Message received from Anas Irfan","details":{"candidateId":"817f2ff9-83e3-428c-8758-413ae7c2d334","email":"anasirfan101010@gmail.com","hasLinks":false},"pid":13904}
{"timestamp":"2026-03-05T05:43:50.318Z","level":"SUCCESS","category":"MESSAGE_RECEIVED","message":"Message received from Anas Irfan","details":{"candidateId":"817f2ff9-83e3-428c-8758-413ae7c2d334","email":"anasirfan101010@gmail.com","hasLinks":false},"pid":13904}
{"timestamp":"2026-03-05T05:43:50.832Z","level":"SUCCESS","category":"MESSAGE_RECEIVED","message":"Message received from Anas Irfan","details":{"candidateId":"817f2ff9-83e3-428c-8758-413ae7c2d334","email":"anasirfan101010@gmail.com","hasLinks":false},"pid":13904}
{"timestamp":"2026-03-05T05:43:51.077Z","level":"SUCCESS","category":"MESSAGE_RECEIVED","message":"Message received from Anas Irfan","details":{"candidateId":"817f2ff9-83e3-428c-8758-413ae7c2d334","email":"anasirfan101010@gmail.com","hasLinks":false},"pid":13904}
{"timestamp":"2026-03-05T05:43:51.340Z","level":"SUCCESS","category":"MESSAGE_RECEIVED","message":"Message received from Anas Irfan","details":{"candidateId":"817f2ff9-83e3-428c-8758-413ae7c2d334","email":"anasirfan101010@gmail.com","hasLinks":false},"pid":13904}
{"timestamp":"2026-03-05T05:43:51.632Z","level":"SUCCESS","category":"MESSAGE_RECEIVED","message":"Message received from Anas Irfan","details":{"candidateId":"817f2ff9-83e3-428c-8758-413ae7c2d334","email":"anasirfan101010@gmail.com","hasLinks":false},"pid":13904}
{"timestamp":"2026-03-05T08:00:10.402Z","level":"SUCCESS","category":"MESSAGE_RECEIVED","message":"Message received from Ubaid Ur Rehman","details":{"candidateId":"9ba3982a-0619-44c6-87db-3e7f1eb06eb7","email":"ubaidnadeem26@gmail.com","hasLinks":false},"pid":23968}
{"timestamp":"2026-03-05T08:00:12.142Z","level":"SUCCESS","category":"MESSAGE_RECEIVED","message":"Message received from Ubaid Ur Rehman","details":{"candidateId":"9ba3982a-0619-44c6-87db-3e7f1eb06eb7","email":"ubaidnadeem26@gmail.com","hasLinks":true},"pid":23968}
{"timestamp":"2026-03-05T08:00:13.264Z","level":"SUCCESS","category":"MESSAGE_RECEIVED","message":"Message received from Ubaid Ur Rehman","details":{"candidateId":"9ba3982a-0619-44c6-87db-3e7f1eb06eb7","email":"ubaidnadeem26@gmail.com","hasLinks":true},"pid":23968}
{"timestamp":"2026-03-05T08:00:14.067Z","level":"SUCCESS","category":"MESSAGE_RECEIVED","message":"Message received from Ubaid Ur Rehman","details":{"candidateId":"9ba3982a-0619-44c6-87db-3e7f1eb06eb7","email":"ubaidnadeem26@gmail.com","hasLinks":false},"pid":23968}
{"timestamp":"2026-03-05T15:24:33.965Z","level":"SUCCESS","category":"ASSESSMENT","message":"Assessment email sent to Suzair Khan","details":{"candidateId":"f051c529-51fd-4889-813b-09d32da3f40a","email":"suzair.khan@limiai.uk","subject":"LIMI AI Assessment | Suzair Khan","messageId":"19cbe99c1c766b7b","hasAttachment":true},"pid":23968}
{"timestamp":"2026-03-05T15:25:59.503Z","level":"SUCCESS","category":"MEETING","message":"Google Meet created for Suzair Khan","details":{"candidateId":"f051c529-51fd-4889-813b-09d32da3f40a","meetLink":"https://meet.google.com/uuq-xiho-vch","eventId":"i8kun81kveeclarkc8laptoja4","dateTime":"2026-03-05T21:30:00"},"pid":23968}
{"timestamp":"2026-03-05T15:26:25.382Z","level":"SUCCESS","category":"MEETING_INVITE","message":"Meeting invitation sent to Suzair Khan","details":{"candidateId":"f051c529-51fd-4889-813b-09d32da3f40a","email":"suzair.khan@limiai.uk","meetLink":"https://meet.google.com/uuq-xiho-vch","dateTime":"2026-03-05T21:30:00"},"pid":23968}
{"timestamp":"2026-03-05T15:30:06.950Z","level":"SUCCESS","category":"MESSAGE_RECEIVED","message":"Message received from Suzair Khan","details":{"candidateId":"f051c529-51fd-4889-813b-09d32da3f40a","email":"suzair.khan@limiai.uk","hasLinks":false},"pid":23968}
{"timestamp":"2026-03-05T15:31:18.119Z","level":"SUCCESS","category":"MESSAGE_REPLY","message":"Reply sent to Suzair Khan","details":{"candidateId":"f051c529-51fd-4889-813b-09d32da3f40a","email":"suzair.khan@limiai.uk","subject":"Re: LIMI AI Assessment | Suzair Khan"},"pid":23968}
{"timestamp":"2026-03-07T07:50:05.808Z","level":"SUCCESS","category":"MESSAGE_RECEIVED","message":"Message received from Suzair Khan","details":{"candidateId":"f051c529-51fd-4889-813b-09d32da3f40a","email":"suzair.khan@limiai.uk","hasLinks":false},"pid":8336}
{"timestamp":"2026-03-07T07:50:06.104Z","level":"SUCCESS","category":"MESSAGE_RECEIVED","message":"Message received from Suzair Khan","details":{"candidateId":"f051c529-51fd-4889-813b-09d32da3f40a","email":"suzair.khan@limiai.uk","hasLinks":true},"pid":8336}
{"timestamp":"2026-03-07T08:47:22.071Z","level":"SUCCESS","category":"ASSESSMENT","message":"Assessment email sent to Sameer John","details":{"candidateId":"d5eb4f02-96a7-4ac9-8c12-43073c5e2a95","email":"sameerprogrammer5@gmail.com","subject":"LIMI AI Assessment | Sameer John","messageId":"19cc77ad0cf88f6c","hasAttachment":true},"pid":8336}
{"timestamp":"2026-03-07T08:50:07.138Z","level":"SUCCESS","category":"MESSAGE_RECEIVED","message":"Message received from Sameer John","details":{"candidateId":"d5eb4f02-96a7-4ac9-8c12-43073c5e2a95","email":"sameerprogrammer5@gmail.com","hasLinks":true},"pid":8336}
{"timestamp":"2026-03-07T08:50:13.211Z","level":"SUCCESS","category":"ASSESSMENT","message":"Assessment email sent to Muhammad Azib","details":{"candidateId":"8d77136d-2c94-4910-bf43-d2e711fd6c94","email":"m.azibraees@gmail.com","subject":"LIMI AI Assessment | Muhammad Azib","messageId":"19cc77d6d50c0626","hasAttachment":true},"pid":8336}
{"timestamp":"2026-03-07T09:00:07.364Z","level":"SUCCESS","category":"MESSAGE_RECEIVED","message":"Message received from Muhammad Azib","details":{"candidateId":"8d77136d-2c94-4910-bf43-d2e711fd6c94","email":"m.azibraees@gmail.com","hasLinks":true},"pid":8336}
{"timestamp":"2026-03-07T09:37:29.542Z","level":"SUCCESS","category":"ASSESSMENT","message":"Assessment email sent to MOAZ AKRAM KHAN","details":{"candidateId":"1783da55-c32a-4b30-a449-bfed699f7ba8","email":"moazkhan2002@gmail.com","subject":"LIMI AI Assessment | MOAZ AKRAM KHAN","messageId":"19cc7a8b50ffa175","hasAttachment":true},"pid":31332}
{"timestamp":"2026-03-07T09:40:06.123Z","level":"SUCCESS","category":"MESSAGE_RECEIVED","message":"Message received from Sameer John","details":{"candidateId":"d5eb4f02-96a7-4ac9-8c12-43073c5e2a95","email":"sameerprogrammer5@gmail.com","hasLinks":false},"pid":31332}
{"timestamp":"2026-03-07T09:40:06.852Z","level":"SUCCESS","category":"MESSAGE_RECEIVED","message":"Message received from MOAZ AKRAM KHAN","details":{"candidateId":"1783da55-c32a-4b30-a449-bfed699f7ba8","email":"moazkhan2002@gmail.com","hasLinks":true},"pid":31332}
{"timestamp":"2026-03-07T18:43:53.360Z","level":"SUCCESS","category":"MESSAGE_RECEIVED","message":"Message received from Sameer John","details":{"candidateId":"d5eb4f02-96a7-4ac9-8c12-43073c5e2a95","email":"sameerprogrammer5@gmail.com","hasLinks":true},"pid":25968}
{"timestamp":"2026-03-07T18:43:54.396Z","level":"SUCCESS","category":"MESSAGE_RECEIVED","message":"Message received from MOAZ AKRAM KHAN","details":{"candidateId":"1783da55-c32a-4b30-a449-bfed699f7ba8","email":"moazkhan2002@gmail.com","hasLinks":false},"pid":25968}
{"timestamp":"2026-03-07T18:45:22.069Z","level":"SUCCESS","category":"MESSAGE_REPLY","message":"Reply sent to MOAZ AKRAM KHAN","details":{"candidateId":"1783da55-c32a-4b30-a449-bfed699f7ba8","email":"moazkhan2002@gmail.com","subject":"Re: LIMI AI Assessment | MOAZ AKRAM KHAN"},"pid":25968}
{"timestamp":"2026-03-07T20:14:06.307Z","level":"SUCCESS","category":"ASSESSMENT","message":"Assessment email sent to Rayan Tanzeem","details":{"candidateId":"ec3c27dc-b35e-4f77-b578-447b311c3398","email":"tanzeemrayan2@gmail.com","subject":"LIMI AI Assessment | Rayan Tanzeem","messageId":"19cc9ef8e3d9e32e","hasAttachment":true},"pid":7300}
{"timestamp":"2026-03-07T20:18:59.733Z","level":"SUCCESS","category":"MEETING","message":"Google Meet created for Sameer John","details":{"candidateId":"d5eb4f02-96a7-4ac9-8c12-43073c5e2a95","meetLink":"https://meet.google.com/ttm-vbgj-xbx","eventId":"ed0tffasmcvm4t29pik1rhhm7g","dateTime":"2026-03-09T07:00:00"},"pid":7300}
{"timestamp":"2026-03-07T20:19:14.838Z","level":"SUCCESS","category":"MEETING_INVITE","message":"Meeting invitation sent to Sameer John","details":{"candidateId":"d5eb4f02-96a7-4ac9-8c12-43073c5e2a95","email":"sameerprogrammer5@gmail.com","meetLink":"https://meet.google.com/ttm-vbgj-xbx","dateTime":"2026-03-09T07:00:00"},"pid":7300}
{"timestamp":"2026-03-07T20:20:08.659Z","level":"SUCCESS","category":"MESSAGE_RECEIVED","message":"Message received from Rayan Tanzeem","details":{"candidateId":"ec3c27dc-b35e-4f77-b578-447b311c3398","email":"tanzeemrayan2@gmail.com","hasLinks":true},"pid":7300}
{"timestamp":"2026-03-07T22:06:07.654Z","level":"SUCCESS","category":"ASSESSMENT","message":"Assessment email sent to Hallar Kalhoro","details":{"candidateId":"aa788907-53bd-4806-8b00-1ec953f16ada","email":"hallarkalhoro555@gmail.com","subject":"LIMI AI Assessment | Hallar Kalhoro","messageId":"19cca561cb66ba73","hasAttachment":true},"pid":7300}
{"timestamp":"2026-03-07T22:08:19.726Z","level":"SUCCESS","category":"ASSESSMENT","message":"Assessment email sent to Hussnain Naz","details":{"candidateId":"6df86c37-4d28-45f5-8a4e-206147ad5b7a","email":"hussnainnaz18@gmail.com","subject":"LIMI AI Assessment | Hussnain Naz","messageId":"19cca5820a97338a","hasAttachment":true},"pid":7300}
{"timestamp":"2026-03-07T22:10:10.917Z","level":"SUCCESS","category":"MESSAGE_RECEIVED","message":"Message received from Hussnain Naz","details":{"candidateId":"6df86c37-4d28-45f5-8a4e-206147ad5b7a","email":"hussnainnaz18@gmail.com","hasLinks":false},"pid":7300}
{"timestamp":"2026-03-07T22:10:11.447Z","level":"SUCCESS","category":"MESSAGE_RECEIVED","message":"Message received from Hallar Kalhoro","details":{"candidateId":"aa788907-53bd-4806-8b00-1ec953f16ada","email":"hallarkalhoro555@gmail.com","hasLinks":true},"pid":7300}
{"timestamp":"2026-03-07T22:10:11.703Z","level":"SUCCESS","category":"MESSAGE_RECEIVED","message":"Message received from Hallar Kalhoro","details":{"candidateId":"aa788907-53bd-4806-8b00-1ec953f16ada","email":"hallarkalhoro555@gmail.com","hasLinks":true},"pid":7300}
{"timestamp":"2026-03-07T22:10:58.320Z","level":"SUCCESS","category":"ASSESSMENT","message":"Assessment email sent to Hamza Mukhtar bscs-19-09","details":{"candidateId":"6065684f-a471-4e2b-bbff-0c2b4cdc5765","email":"mukhtarhamza294@gmail.com","subject":"LIMI AI Assessment | Hamza Mukhtar bscs-19-09","messageId":"19cca5a8cca1b22a","hasAttachment":true},"pid":7300}
{"timestamp":"2026-03-07T22:12:40.030Z","level":"SUCCESS","category":"ASSESSMENT","message":"Assessment email sent to Shaheryar Ali","details":{"candidateId":"300138a6-8cb4-46a0-b554-4f4fae8df247","email":"shaheryarsherry114@gmail.com","subject":"LIMI AI Assessment | Shaheryar Ali","messageId":"19cca5c1bd795f72","hasAttachment":true},"pid":7300}
{"timestamp":"2026-03-07T22:14:42.293Z","level":"SUCCESS","category":"ASSESSMENT","message":"Assessment email sent to Samman Fatima","details":{"candidateId":"ddf23fa0-825d-4bca-ba46-645d94304073","email":"fatima37406@gmail.com","subject":"LIMI AI Assessment | Samman Fatima","messageId":"19cca5df7ebe26e7","hasAttachment":true},"pid":7300}
{"timestamp":"2026-03-07T22:16:53.571Z","level":"SUCCESS","category":"ASSESSMENT","message":"Assessment email sent to ABDUL BASIT","details":{"candidateId":"597ceb5f-252d-4d5a-85f2-90122ad9424a","email":"kashifabdulbasit@gmail.com","subject":"LIMI AI Assessment | ABDUL BASIT","messageId":"19cca5ff8d4320f5","hasAttachment":true},"pid":7300}
{"timestamp":"2026-03-08T01:00:07.982Z","level":"SUCCESS","category":"MESSAGE_RECEIVED","message":"Message received from ABDUL BASIT","details":{"candidateId":"597ceb5f-252d-4d5a-85f2-90122ad9424a","email":"kashifabdulbasit@gmail.com","hasLinks":false},"pid":7300}
{"timestamp":"2026-03-08T01:00:08.450Z","level":"SUCCESS","category":"MESSAGE_RECEIVED","message":"Message received from Samman Fatima","details":{"candidateId":"ddf23fa0-825d-4bca-ba46-645d94304073","email":"fatima37406@gmail.com","hasLinks":false},"pid":7300}
{"timestamp":"2026-03-08T01:00:08.744Z","level":"SUCCESS","category":"MESSAGE_RECEIVED","message":"Message received from Samman Fatima","details":{"candidateId":"ddf23fa0-825d-4bca-ba46-645d94304073","email":"fatima37406@gmail.com","hasLinks":false},"pid":7300}
{"timestamp":"2026-03-08T01:00:09.232Z","level":"SUCCESS","category":"MESSAGE_RECEIVED","message":"Message received from Hamza Mukhtar bscs-19-09","details":{"candidateId":"6065684f-a471-4e2b-bbff-0c2b4cdc5765","email":"mukhtarhamza294@gmail.com","hasLinks":false},"pid":7300}
{"timestamp":"2026-03-08T01:00:09.797Z","level":"SUCCESS","category":"MESSAGE_RECEIVED","message":"Message received from Hussnain Naz","details":{"candidateId":"6df86c37-4d28-45f5-8a4e-206147ad5b7a","email":"hussnainnaz18@gmail.com","hasLinks":false},"pid":7300}
{"timestamp":"2026-03-08T01:00:10.599Z","level":"SUCCESS","category":"MESSAGE_RECEIVED","message":"Message received from Hallar Kalhoro","details":{"candidateId":"aa788907-53bd-4806-8b00-1ec953f16ada","email":"hallarkalhoro555@gmail.com","hasLinks":false},"pid":7300}
{"timestamp":"2026-03-08T01:00:11.897Z","level":"SUCCESS","category":"MESSAGE_RECEIVED","message":"Message received from Shaheryar Ali","details":{"candidateId":"300138a6-8cb4-46a0-b554-4f4fae8df247","email":"shaheryarsherry114@gmail.com","hasLinks":false},"pid":7300}
{"timestamp":"2026-03-08T01:00:12.113Z","level":"SUCCESS","category":"MESSAGE_RECEIVED","message":"Message received from Shaheryar Ali","details":{"candidateId":"300138a6-8cb4-46a0-b554-4f4fae8df247","email":"shaheryarsherry114@gmail.com","hasLinks":false},"pid":7300}
{"timestamp":"2026-03-08T15:04:13.128Z","level":"SUCCESS","category":"MESSAGE_RECEIVED","message":"Message received from MOAZ AKRAM KHAN","details":{"candidateId":"1783da55-c32a-4b30-a449-bfed699f7ba8","email":"moazkhan2002@gmail.com","hasLinks":true},"pid":29920}
{"timestamp":"2026-03-08T15:04:15.139Z","level":"SUCCESS","category":"MESSAGE_RECEIVED","message":"Message received from Hamza Mukhtar bscs-19-09","details":{"candidateId":"6065684f-a471-4e2b-bbff-0c2b4cdc5765","email":"mukhtarhamza294@gmail.com","hasLinks":false},"pid":29920}
{"timestamp":"2026-03-08T17:30:08.860Z","level":"SUCCESS","category":"MESSAGE_RECEIVED","message":"Message received from Sameer John","details":{"candidateId":"d5eb4f02-96a7-4ac9-8c12-43073c5e2a95","email":"sameerprogrammer5@gmail.com","hasLinks":false},"pid":29920}
{"timestamp":"2026-03-08T17:35:55.396Z","level":"SUCCESS","category":"MESSAGE_REPLY","message":"Reply sent to Sameer John","details":{"candidateId":"d5eb4f02-96a7-4ac9-8c12-43073c5e2a95","email":"sameerprogrammer5@gmail.com","subject":"Re: LIMI AI Assessment | Sameer John"},"pid":29560}
{"timestamp":"2026-03-08T17:53:53.535Z","level":"SUCCESS","category":"RESCHEDULE","message":"Interview rescheduled for Sameer John","details":{"candidateId":"d5eb4f02-96a7-4ac9-8c12-43073c5e2a95","oldDateTime":"2026-03-09T07:00:00","newDateTime":"2026-03-10T02:00:00.000Z"},"pid":26784}
{"timestamp":"2026-03-09T01:19:20.817Z","level":"SUCCESS","category":"MEETING","message":"Google Meet created for MOAZ AKRAM KHAN","details":{"candidateId":"1783da55-c32a-4b30-a449-bfed699f7ba8","meetLink":"https://meet.google.com/kes-wzqb-hjs","eventId":"envvrkuuuoqlqqrbehe1r4lhl4","dateTime":"2026-03-10T07:30:00"},"pid":26784}
{"timestamp":"2026-03-09T01:19:54.289Z","level":"SUCCESS","category":"MEETING_INVITE","message":"Meeting invitation sent to MOAZ AKRAM KHAN","details":{"candidateId":"1783da55-c32a-4b30-a449-bfed699f7ba8","email":"moazkhan2002@gmail.com","meetLink":"https://meet.google.com/kes-wzqb-hjs","dateTime":"2026-03-10T07:30:00"},"pid":26784}
{"timestamp":"2026-03-09T01:20:07.487Z","level":"SUCCESS","category":"MESSAGE_RECEIVED","message":"Message received from Muhammad Azib","details":{"candidateId":"8d77136d-2c94-4910-bf43-d2e711fd6c94","email":"m.azibraees@gmail.com","hasLinks":true},"pid":26784}
{"timestamp":"2026-03-09T01:20:08.184Z","level":"SUCCESS","category":"MESSAGE_RECEIVED","message":"Message received from Sameer John","details":{"candidateId":"d5eb4f02-96a7-4ac9-8c12-43073c5e2a95","email":"sameerprogrammer5@gmail.com","hasLinks":true},"pid":26784}
{"timestamp":"2026-03-09T02:45:18.013Z","level":"SUCCESS","category":"MEETING","message":"Google Meet created for Muhammad Azib","details":{"candidateId":"8d77136d-2c94-4910-bf43-d2e711fd6c94","meetLink":"https://meet.google.com/uro-jwvb-tat","eventId":"d4fk8a3sslucc23mr9tagfisbg","dateTime":"2026-03-10T08:30:00"},"pid":9320}
{"timestamp":"2026-03-09T02:45:43.119Z","level":"SUCCESS","category":"MEETING_INVITE","message":"Meeting invitation sent to Muhammad Azib","details":{"candidateId":"8d77136d-2c94-4910-bf43-d2e711fd6c94","email":"m.azibraees@gmail.com","meetLink":"https://meet.google.com/uro-jwvb-tat","dateTime":"2026-03-10T08:30:00"},"pid":9320}
{"timestamp":"2026-03-09T02:54:24.587Z","level":"SUCCESS","category":"ASSESSMENT","message":"Assessment email sent to Sabahat Akhtar","details":{"candidateId":"f64a2b3f-11f0-4008-8a32-256f80b2e26c","email":"sabahat.2001.akhtar@gmail.com","subject":"LIMI AI Assessment | Sabahat Akhtar","messageId":"19cd08465f3b5af2","hasAttachment":true},"pid":9320}
{"timestamp":"2026-03-09T02:56:19.389Z","level":"SUCCESS","category":"ASSESSMENT","message":"Assessment email sent to ZAIN ALI","details":{"candidateId":"b6afc969-4bbe-4e80-a698-f9a7b579d1c7","email":"zain.vu009@gmail.com","subject":"LIMI AI Assessment | ZAIN ALI","messageId":"19cd08625c675b09","hasAttachment":true},"pid":9320}
{"timestamp":"2026-03-09T02:58:18.240Z","level":"SUCCESS","category":"ASSESSMENT","message":"Assessment email sent to Hamid Hassan","details":{"candidateId":"c01e0906-bb67-47c4-8379-d5e2942a2f84","email":"sm.hamid22794@gmail.com","subject":"LIMI AI Assessment | Hamid Hassan","messageId":"19cd087f6b142b73","hasAttachment":true},"pid":9320}
{"timestamp":"2026-03-09T03:11:11.142Z","level":"SUCCESS","category":"MESSAGE_RECEIVED","message":"Message received from Hamid Hassan","details":{"candidateId":"c01e0906-bb67-47c4-8379-d5e2942a2f84","email":"sm.hamid22794@gmail.com","hasLinks":false},"pid":9320}
{"timestamp":"2026-03-09T03:11:11.547Z","level":"SUCCESS","category":"MESSAGE_RECEIVED","message":"Message received from ZAIN ALI","details":{"candidateId":"b6afc969-4bbe-4e80-a698-f9a7b579d1c7","email":"zain.vu009@gmail.com","hasLinks":false},"pid":9320}
{"timestamp":"2026-03-09T03:11:11.951Z","level":"SUCCESS","category":"MESSAGE_RECEIVED","message":"Message received from Sabahat Akhtar","details":{"candidateId":"f64a2b3f-11f0-4008-8a32-256f80b2e26c","email":"sabahat.2001.akhtar@gmail.com","hasLinks":false},"pid":9320}
{"timestamp":"2026-03-09T05:00:01.826Z","level":"SUCCESS","category":"MESSAGE_RECEIVED","message":"Message received from Eman","details":{"candidateId":"644379bb-61c6-41a3-bdd6-df83e1eece2e","email":"emansehar1122@gmail.com","hasLinks":true},"pid":9320}
{"timestamp":"2026-03-09T05:00:02.056Z","level":"SUCCESS","category":"MESSAGE_RECEIVED","message":"Message received from Eman","details":{"candidateId":"644379bb-61c6-41a3-bdd6-df83e1eece2e","email":"emansehar1122@gmail.com","hasLinks":false},"pid":9320}
{"timestamp":"2026-03-09T05:00:02.370Z","level":"SUCCESS","category":"MESSAGE_RECEIVED","message":"Message received from Eman","details":{"candidateId":"644379bb-61c6-41a3-bdd6-df83e1eece2e","email":"emansehar1122@gmail.com","hasLinks":true},"pid":9320}
{"timestamp":"2026-03-09T05:00:02.627Z","level":"SUCCESS","category":"MESSAGE_RECEIVED","message":"Message received from Eman","details":{"candidateId":"644379bb-61c6-41a3-bdd6-df83e1eece2e","email":"emansehar1122@gmail.com","hasLinks":true},"pid":9320}
{"timestamp":"2026-03-09T05:00:03.363Z","level":"SUCCESS","category":"MESSAGE_RECEIVED","message":"Message received from Ismail Saud","details":{"candidateId":"0745705e-39bd-48c8-a06b-d5f7c7582ee1","email":"ismailsaud773@gmail.com","hasLinks":false},"pid":9320}
{"timestamp":"2026-03-09T05:00:03.592Z","level":"SUCCESS","category":"MESSAGE_RECEIVED","message":"Message received from Ismail Saud","details":{"candidateId":"0745705e-39bd-48c8-a06b-d5f7c7582ee1","email":"ismailsaud773@gmail.com","hasLinks":true},"pid":9320}
{"timestamp":"2026-03-09T05:00:03.815Z","level":"SUCCESS","category":"MESSAGE_RECEIVED","message":"Message received from Ismail Saud","details":{"candidateId":"0745705e-39bd-48c8-a06b-d5f7c7582ee1","email":"ismailsaud773@gmail.com","hasLinks":true},"pid":9320}
{"timestamp":"2026-03-09T05:00:04.121Z","level":"SUCCESS","category":"MESSAGE_RECEIVED","message":"Message received from Ismail Saud","details":{"candidateId":"0745705e-39bd-48c8-a06b-d5f7c7582ee1","email":"ismailsaud773@gmail.com","hasLinks":true},"pid":9320}
{"timestamp":"2026-03-09T05:00:04.544Z","level":"SUCCESS","category":"MESSAGE_RECEIVED","message":"Message received from Shehroz Fateh","details":{"candidateId":"77723556-e9f2-4957-a28a-6d401345aa84","email":"shahroz305fateh@gmail.com","hasLinks":false},"pid":9320}
{"timestamp":"2026-03-09T05:00:04.751Z","level":"SUCCESS","category":"MESSAGE_RECEIVED","message":"Message received from Shehroz Fateh","details":{"candidateId":"77723556-e9f2-4957-a28a-6d401345aa84","email":"shahroz305fateh@gmail.com","hasLinks":false},"pid":9320}
{"timestamp":"2026-03-09T05:00:05.044Z","level":"SUCCESS","category":"MESSAGE_RECEIVED","message":"Message received from Shehroz Fateh","details":{"candidateId":"77723556-e9f2-4957-a28a-6d401345aa84","email":"shahroz305fateh@gmail.com","hasLinks":true},"pid":9320}
{"timestamp":"2026-03-09T05:00:05.272Z","level":"SUCCESS","category":"MESSAGE_RECEIVED","message":"Message received from Shehroz Fateh","details":{"candidateId":"77723556-e9f2-4957-a28a-6d401345aa84","email":"shahroz305fateh@gmail.com","hasLinks":false},"pid":9320}
{"timestamp":"2026-03-09T05:00:05.862Z","level":"SUCCESS","category":"MESSAGE_RECEIVED","message":"Message received from Shehroz Fateh","details":{"candidateId":"77723556-e9f2-4957-a28a-6d401345aa84","email":"shahroz305fateh@gmail.com","hasLinks":true},"pid":9320}
{"timestamp":"2026-03-09T05:00:06.447Z","level":"SUCCESS","category":"MESSAGE_RECEIVED","message":"Message received from Shehroz Fateh","details":{"candidateId":"77723556-e9f2-4957-a28a-6d401345aa84","email":"shahroz305fateh@gmail.com","hasLinks":true},"pid":9320}
{"timestamp":"2026-03-09T05:00:06.691Z","level":"SUCCESS","category":"MESSAGE_RECEIVED","message":"Message received from Shehroz Fateh","details":{"candidateId":"77723556-e9f2-4957-a28a-6d401345aa84","email":"shahroz305fateh@gmail.com","hasLinks":false},"pid":9320}
{"timestamp":"2026-03-09T05:00:07.240Z","level":"SUCCESS","category":"MESSAGE_RECEIVED","message":"Message received from Rana Ahmad","details":{"candidateId":"231b08e5-ff93-464f-ad1f-39aa311a53ea","email":"ranaahmadmujtaba92@gmail.com","hasLinks":true},"pid":9320}
{"timestamp":"2026-03-09T05:00:07.585Z","level":"SUCCESS","category":"MESSAGE_RECEIVED","message":"Message received from Rana Ahmad","details":{"candidateId":"231b08e5-ff93-464f-ad1f-39aa311a53ea","email":"ranaahmadmujtaba92@gmail.com","hasLinks":true},"pid":9320}
{"timestamp":"2026-03-09T05:00:07.861Z","level":"SUCCESS","category":"MESSAGE_RECEIVED","message":"Message received from Rana Ahmad","details":{"candidateId":"231b08e5-ff93-464f-ad1f-39aa311a53ea","email":"ranaahmadmujtaba92@gmail.com","hasLinks":true},"pid":9320}
{"timestamp":"2026-03-09T05:00:08.463Z","level":"SUCCESS","category":"MESSAGE_RECEIVED","message":"Message received from Rana Ahmad","details":{"candidateId":"231b08e5-ff93-464f-ad1f-39aa311a53ea","email":"ranaahmadmujtaba92@gmail.com","hasLinks":true},"pid":9320}
{"timestamp":"2026-03-09T05:00:09.000Z","level":"SUCCESS","category":"MESSAGE_RECEIVED","message":"Message received from Laiba Suleman","details":{"candidateId":"d3ced85a-b61f-4f3e-94c9-8438c5a532f0","email":"laibasuleman6886@gmail.com","hasLinks":false},"pid":9320}
{"timestamp":"2026-03-09T05:00:09.263Z","level":"SUCCESS","category":"MESSAGE_RECEIVED","message":"Message received from Laiba Suleman","details":{"candidateId":"d3ced85a-b61f-4f3e-94c9-8438c5a532f0","email":"laibasuleman6886@gmail.com","hasLinks":true},"pid":9320}
{"timestamp":"2026-03-09T05:00:09.479Z","level":"SUCCESS","category":"MESSAGE_RECEIVED","message":"Message received from Laiba Suleman","details":{"candidateId":"d3ced85a-b61f-4f3e-94c9-8438c5a532f0","email":"laibasuleman6886@gmail.com","hasLinks":true},"pid":9320}
{"timestamp":"2026-03-09T05:00:09.692Z","level":"SUCCESS","category":"MESSAGE_RECEIVED","message":"Message received from Laiba Suleman","details":{"candidateId":"d3ced85a-b61f-4f3e-94c9-8438c5a532f0","email":"laibasuleman6886@gmail.com","hasLinks":true},"pid":9320}
{"timestamp":"2026-03-09T05:00:09.931Z","level":"SUCCESS","category":"MESSAGE_RECEIVED","message":"Message received from Laiba Suleman","details":{"candidateId":"d3ced85a-b61f-4f3e-94c9-8438c5a532f0","email":"laibasuleman6886@gmail.com","hasLinks":true},"pid":9320}
{"timestamp":"2026-03-09T05:00:10.476Z","level":"SUCCESS","category":"MESSAGE_RECEIVED","message":"Message received from Shiza Farooq","details":{"candidateId":"c6c6d5a2-2b7d-46d2-b1e7-0f84df7f4076","email":"shizajutt416@gmail.com","hasLinks":true},"pid":9320}
{"timestamp":"2026-03-09T05:00:10.790Z","level":"SUCCESS","category":"MESSAGE_RECEIVED","message":"Message received from Shiza Farooq","details":{"candidateId":"c6c6d5a2-2b7d-46d2-b1e7-0f84df7f4076","email":"shizajutt416@gmail.com","hasLinks":true},"pid":9320}
{"timestamp":"2026-03-09T05:00:11.241Z","level":"SUCCESS","category":"MESSAGE_RECEIVED","message":"Message received from Laraib Amjad","details":{"candidateId":"f8936645-c072-4406-bb95-2a82234af63f","email":"laraibamjad.it@gmail.com","hasLinks":false},"pid":9320}
{"timestamp":"2026-03-09T05:00:11.512Z","level":"SUCCESS","category":"MESSAGE_RECEIVED","message":"Message received from Laraib Amjad","details":{"candidateId":"f8936645-c072-4406-bb95-2a82234af63f","email":"laraibamjad.it@gmail.com","hasLinks":false},"pid":9320}
{"timestamp":"2026-03-09T05:00:11.738Z","level":"SUCCESS","category":"MESSAGE_RECEIVED","message":"Message received from Laraib Amjad","details":{"candidateId":"f8936645-c072-4406-bb95-2a82234af63f","email":"laraibamjad.it@gmail.com","hasLinks":true},"pid":9320}
{"timestamp":"2026-03-09T05:00:11.966Z","level":"SUCCESS","category":"MESSAGE_RECEIVED","message":"Message received from Laraib Amjad","details":{"candidateId":"f8936645-c072-4406-bb95-2a82234af63f","email":"laraibamjad.it@gmail.com","hasLinks":true},"pid":9320}
{"timestamp":"2026-03-09T05:00:12.191Z","level":"SUCCESS","category":"MESSAGE_RECEIVED","message":"Message received from Laraib Amjad","details":{"candidateId":"f8936645-c072-4406-bb95-2a82234af63f","email":"laraibamjad.it@gmail.com","hasLinks":true},"pid":9320}
{"timestamp":"2026-03-09T05:00:12.404Z","level":"SUCCESS","category":"MESSAGE_RECEIVED","message":"Message received from Laraib Amjad","details":{"candidateId":"f8936645-c072-4406-bb95-2a82234af63f","email":"laraibamjad.it@gmail.com","hasLinks":false},"pid":9320}
{"timestamp":"2026-03-09T05:00:12.842Z","level":"SUCCESS","category":"MESSAGE_RECEIVED","message":"Message received from Kashif Raza","details":{"candidateId":"11e74e06-701f-44cd-a229-96cea8d11c83","email":"kashifrza5@gmail.com","hasLinks":false},"pid":9320}
{"timestamp":"2026-03-09T05:00:13.301Z","level":"SUCCESS","category":"MESSAGE_RECEIVED","message":"Message received from Kashif Raza","details":{"candidateId":"11e74e06-701f-44cd-a229-96cea8d11c83","email":"kashifrza5@gmail.com","hasLinks":true},"pid":9320}
{"timestamp":"2026-03-09T05:00:14.662Z","level":"SUCCESS","category":"MESSAGE_RECEIVED","message":"Message received from Bisma","details":{"candidateId":"d1537201-af49-43ae-bb29-0155e5173e54","email":"b3850073@gmail.com","hasLinks":true},"pid":9320}
{"timestamp":"2026-03-09T05:00:14.952Z","level":"SUCCESS","category":"MESSAGE_RECEIVED","message":"Message received from Bisma","details":{"candidateId":"d1537201-af49-43ae-bb29-0155e5173e54","email":"b3850073@gmail.com","hasLinks":true},"pid":9320}
{"timestamp":"2026-03-09T05:00:15.274Z","level":"SUCCESS","category":"MESSAGE_RECEIVED","message":"Message received from Bisma","details":{"candidateId":"d1537201-af49-43ae-bb29-0155e5173e54","email":"b3850073@gmail.com","hasLinks":true},"pid":9320}
{"timestamp":"2026-03-09T05:00:15.581Z","level":"SUCCESS","category":"MESSAGE_RECEIVED","message":"Message received from Bisma","details":{"candidateId":"d1537201-af49-43ae-bb29-0155e5173e54","email":"b3850073@gmail.com","hasLinks":true},"pid":9320}
{"timestamp":"2026-03-09T05:00:16.405Z","level":"SUCCESS","category":"MESSAGE_RECEIVED","message":"Message received from Tabish Niaz","details":{"candidateId":"e2332294-b9a8-4760-a60b-54245dccba96","email":"tabishniaz6247@gmail.com","hasLinks":false},"pid":9320}
{"timestamp":"2026-03-09T05:00:16.850Z","level":"SUCCESS","category":"MESSAGE_RECEIVED","message":"Message received from Eisha Arshad","details":{"candidateId":"c7115baa-0878-4274-bd1e-552803cac2cd","email":"eishaarshad92@gmail.com","hasLinks":true},"pid":9320}
{"timestamp":"2026-03-09T05:00:17.132Z","level":"SUCCESS","category":"MESSAGE_RECEIVED","message":"Message received from Eisha Arshad","details":{"candidateId":"c7115baa-0878-4274-bd1e-552803cac2cd","email":"eishaarshad92@gmail.com","hasLinks":true},"pid":9320}
{"timestamp":"2026-03-09T05:00:17.389Z","level":"SUCCESS","category":"MESSAGE_RECEIVED","message":"Message received from Eisha Arshad","details":{"candidateId":"c7115baa-0878-4274-bd1e-552803cac2cd","email":"eishaarshad92@gmail.com","hasLinks":true},"pid":9320}
{"timestamp":"2026-03-09T05:00:17.697Z","level":"SUCCESS","category":"MESSAGE_RECEIVED","message":"Message received from Eisha Arshad","details":{"candidateId":"c7115baa-0878-4274-bd1e-552803cac2cd","email":"eishaarshad92@gmail.com","hasLinks":true},"pid":9320}
{"timestamp":"2026-03-09T05:00:17.971Z","level":"SUCCESS","category":"MESSAGE_RECEIVED","message":"Message received from Eisha Arshad","details":{"candidateId":"c7115baa-0878-4274-bd1e-552803cac2cd","email":"eishaarshad92@gmail.com","hasLinks":false},"pid":9320}
{"timestamp":"2026-03-09T05:00:18.424Z","level":"SUCCESS","category":"MESSAGE_RECEIVED","message":"Message received from Iqra Bibi","details":{"candidateId":"12a13ef3-4e6e-4e04-a85c-e73fcff00201","email":"iqra37277@gmail.com","hasLinks":false},"pid":9320}
{"timestamp":"2026-03-09T05:00:18.710Z","level":"SUCCESS","category":"MESSAGE_RECEIVED","message":"Message received from Iqra Bibi","details":{"candidateId":"12a13ef3-4e6e-4e04-a85c-e73fcff00201","email":"iqra37277@gmail.com","hasLinks":false},"pid":9320}
{"timestamp":"2026-03-09T05:20:23.729Z","level":"SUCCESS","category":"MESSAGE_RECEIVED","message":"Message received from Hussnain Naz","details":{"candidateId":"6df86c37-4d28-45f5-8a4e-206147ad5b7a","email":"hussnainnaz18@gmail.com","hasLinks":true},"pid":9320}
{"timestamp":"2026-03-09T05:25:52.760Z","level":"SUCCESS","category":"MEETING","message":"Google Meet created for Hussnain Naz","details":{"candidateId":"6df86c37-4d28-45f5-8a4e-206147ad5b7a","meetLink":"https://meet.google.com/ujx-fwfz-mzt","eventId":"not663e6ecc9q460qcsqhbhod4","dateTime":"2026-03-10T09:30:00"},"pid":9320}
{"timestamp":"2026-03-09T05:26:20.768Z","level":"SUCCESS","category":"MEETING_INVITE","message":"Meeting invitation sent to Hussnain Naz","details":{"candidateId":"6df86c37-4d28-45f5-8a4e-206147ad5b7a","email":"hussnainnaz18@gmail.com","meetLink":"https://meet.google.com/ujx-fwfz-mzt","dateTime":"2026-03-10T09:30:00"},"pid":9320}
{"timestamp":"2026-03-09T06:29:11.047Z","level":"SUCCESS","category":"ASSESSMENT","message":"Assessment email sent to Ahmad Amman","details":{"candidateId":"6b0ff928-5e8d-415b-a2d7-72562f9fd04a","email":"shahidahmadamman@gmail.com","subject":"LIMI AI Assessment | Ahmad Amman","messageId":"19cd149062cf644a","hasAttachment":true},"pid":30428}
{"timestamp":"2026-03-09T06:31:37.872Z","level":"SUCCESS","category":"ASSESSMENT","message":"Assessment email sent to Muhammad Sufyan","details":{"candidateId":"dfefa79f-7c3b-4912-b6e9-13578a7e1d43","email":"muhammadsufyan1550@gmail.com","subject":"LIMI AI Assessment | Muhammad Sufyan","messageId":"19cd14b42544e79e","hasAttachment":true},"pid":30428}
{"timestamp":"2026-03-09T06:34:42.278Z","level":"SUCCESS","category":"ASSESSMENT","message":"Assessment email sent to Usama Khan","details":{"candidateId":"177b418f-711b-42f5-bfb7-89189bd5d745","email":"usamakhan.it321@gmail.com","subject":"LIMI AI Assessment | Usama Khan","messageId":"19cd14e15eac54b4","hasAttachment":true},"pid":30428}
{"timestamp":"2026-03-09T06:37:11.167Z","level":"SUCCESS","category":"ASSESSMENT","message":"Assessment email sent to Moazzam Gondal","details":{"candidateId":"3f61fe7a-2d07-494c-8c4e-538d0256fe46","email":"moazzamumar22@gmail.com","subject":"LIMI AI Assessment | Moazzam Gondal","messageId":"19cd1505b85446dc","hasAttachment":true},"pid":30428}
{"timestamp":"2026-03-09T06:40:23.028Z","level":"SUCCESS","category":"MESSAGE_RECEIVED","message":"Message received from Hussnain Naz","details":{"candidateId":"6df86c37-4d28-45f5-8a4e-206147ad5b7a","email":"hussnainnaz18@gmail.com","hasLinks":true},"pid":30428}
{"timestamp":"2026-03-09T06:40:27.628Z","level":"SUCCESS","category":"MESSAGE_RECEIVED","message":"Message received from Moazzam Gondal","details":{"candidateId":"3f61fe7a-2d07-494c-8c4e-538d0256fe46","email":"moazzamumar22@gmail.com","hasLinks":false},"pid":30428}
{"timestamp":"2026-03-09T06:40:28.185Z","level":"SUCCESS","category":"MESSAGE_RECEIVED","message":"Message received from Usama Khan","details":{"candidateId":"177b418f-711b-42f5-bfb7-89189bd5d745","email":"usamakhan.it321@gmail.com","hasLinks":true},"pid":30428}
{"timestamp":"2026-03-09T06:40:28.612Z","level":"SUCCESS","category":"MESSAGE_RECEIVED","message":"Message received from Muhammad Sufyan","details":{"candidateId":"dfefa79f-7c3b-4912-b6e9-13578a7e1d43","email":"muhammadsufyan1550@gmail.com","hasLinks":false},"pid":30428}
{"timestamp":"2026-03-09T06:40:29.080Z","level":"SUCCESS","category":"MESSAGE_RECEIVED","message":"Message received from Ahmad Amman","details":{"candidateId":"6b0ff928-5e8d-415b-a2d7-72562f9fd04a","email":"shahidahmadamman@gmail.com","hasLinks":false},"pid":30428}
{"timestamp":"2026-03-09T06:41:21.849Z","level":"SUCCESS","category":"ASSESSMENT","message":"Assessment email sent to Hadi Shirazi","details":{"candidateId":"80c1f0cb-6a89-4e1c-b5f8-fe0490725f16","email":"hadishirazi04@gmail.com","subject":"LIMI AI Assessment | Hadi Shirazi","messageId":"19cd1542c5585d3c","hasAttachment":true},"pid":30428}
{"timestamp":"2026-03-09T06:46:20.982Z","level":"SUCCESS","category":"ASSESSMENT","message":"Assessment email sent to Amaad Ali","details":{"candidateId":"79016256-a94a-44b6-911c-c5625b6615a2","email":"amaad6035@gmail.com","subject":"LIMI AI Assessment | Amaad Ali","messageId":"19cd158bd6f112b1","hasAttachment":true},"pid":30428}
{"timestamp":"2026-03-09T20:00:09.705Z","level":"SUCCESS","category":"MESSAGE_RECEIVED","message":"Message received from MOAZ AKRAM KHAN","details":{"candidateId":"1783da55-c32a-4b30-a449-bfed699f7ba8","email":"moazkhan2002@gmail.com","hasLinks":true},"pid":30428}
{"timestamp":"2026-03-09T20:00:14.998Z","level":"SUCCESS","category":"MESSAGE_RECEIVED","message":"Message received from Hamza Mukhtar bscs-19-09","details":{"candidateId":"6065684f-a471-4e2b-bbff-0c2b4cdc5765","email":"mukhtarhamza294@gmail.com","hasLinks":true},"pid":30428}
{"timestamp":"2026-03-09T20:00:23.797Z","level":"SUCCESS","category":"MESSAGE_RECEIVED","message":"Message received from Amaad Ali","details":{"candidateId":"79016256-a94a-44b6-911c-c5625b6615a2","email":"amaad6035@gmail.com","hasLinks":false},"pid":30428}
{"timestamp":"2026-03-09T20:00:24.195Z","level":"SUCCESS","category":"MESSAGE_RECEIVED","message":"Message received from Amaad Ali","details":{"candidateId":"79016256-a94a-44b6-911c-c5625b6615a2","email":"amaad6035@gmail.com","hasLinks":false},"pid":30428}
{"timestamp":"2026-03-09T20:00:24.888Z","level":"SUCCESS","category":"MESSAGE_RECEIVED","message":"Message received from Hadi Shirazi","details":{"candidateId":"80c1f0cb-6a89-4e1c-b5f8-fe0490725f16","email":"hadishirazi04@gmail.com","hasLinks":false},"pid":30428}
{"timestamp":"2026-03-09T20:00:27.794Z","level":"SUCCESS","category":"MESSAGE_RECEIVED","message":"Message received from Ahmad Amman","details":{"candidateId":"6b0ff928-5e8d-415b-a2d7-72562f9fd04a","email":"shahidahmadamman@gmail.com","hasLinks":false},"pid":30428}
{"timestamp":"2026-03-09T21:48:50.338Z","level":"SUCCESS","category":"BULK_UPLOAD","message":"Candidate created from CV: Aayan Altaf","details":{"candidateId":"9e07532f-4f90-49c3-9926-39634bd7436f","cvPath":"cv-1773092926763-537787086.pdf"},"pid":8124}
{"timestamp":"2026-03-09T21:50:11.280Z","level":"SUCCESS","category":"BULK_UPLOAD","message":"Candidate created from CV: ABDUL RAUF","details":{"candidateId":"1b60a52a-8b73-48e9-bf4e-92eb5c247350","cvPath":"cv-1773093009142-163787477.pdf"},"pid":8124}
{"timestamp":"2026-03-09T21:50:12.995Z","level":"SUCCESS","category":"BULK_UPLOAD","message":"Candidate created from CV: Kamran Shahid","details":{"candidateId":"ffaccada-1133-4abc-b937-0c549827f3c1","cvPath":"cv-1773093011820-855975209.pdf"},"pid":8124}
{"timestamp":"2026-03-09T21:50:15.694Z","level":"SUCCESS","category":"BULK_UPLOAD","message":"Candidate created from CV: Akhyar Ahmed Turk","details":{"candidateId":"cd4520df-2d35-4f9c-bc72-e8dd73996f97","cvPath":"cv-1773093013571-97395887.pdf"},"pid":8124}
{"timestamp":"2026-03-09T21:50:17.512Z","level":"SUCCESS","category":"BULK_UPLOAD","message":"Candidate created from CV: ANAM MANSOOR","details":{"candidateId":"4edd717e-ed21-400f-9d4c-55e997d0e042","cvPath":"cv-1773093016229-412704428.pdf"},"pid":8124}
{"timestamp":"2026-03-09T21:50:19.246Z","level":"SUCCESS","category":"BULK_UPLOAD","message":"Candidate created from CV: Bashir Ahmed","details":{"candidateId":"0ad3b6d6-a9fb-4e68-ab46-faa056bf1c63","cvPath":"cv-1773093018047-266024018.pdf"},"pid":8124}
{"timestamp":"2026-03-09T21:50:21.473Z","level":"SUCCESS","category":"BULK_UPLOAD","message":"Candidate created from CV: MINHAJ KHAN","details":{"candidateId":"5492791c-264b-45c1-8303-11dc91cf8068","cvPath":"cv-1773093019797-439925714.pdf"},"pid":8124}
{"timestamp":"2026-03-09T21:50:22.985Z","level":"SUCCESS","category":"BULK_UPLOAD","message":"Candidate created from CV: IFFAT IQBAL","details":{"candidateId":"1259d7a8-5ea0-40c7-a524-dc9b3c141490","cvPath":"cv-1773093022007-637893747.pdf"},"pid":8124}
{"timestamp":"2026-03-09T21:50:25.352Z","level":"SUCCESS","category":"BULK_UPLOAD","message":"Candidate created from CV: DeepakKumarRauta","details":{"candidateId":"1bbf71de-9217-4588-ad39-765395e038ba","cvPath":"cv-1773093023510-31003455.pdf"},"pid":8124}
{"timestamp":"2026-03-09T21:50:26.883Z","level":"SUCCESS","category":"BULK_UPLOAD","message":"Candidate created from CV: Abdullah Atta","details":{"candidateId":"a4a41f45-1420-4d57-903d-771a2ce45b76","cvPath":"cv-1773093025882-441864590.pdf"},"pid":8124}
{"timestamp":"2026-03-09T21:50:28.977Z","level":"SUCCESS","category":"BULK_UPLOAD","message":"Candidate created from CV: Riyasuman Padhy","details":{"candidateId":"ccd34197-e1b2-4ab6-8cf2-ecb2b35de2f9","cvPath":"cv-1773093027400-911246732.pdf"},"pid":8124}
{"timestamp":"2026-03-09T21:50:30.616Z","level":"SUCCESS","category":"BULK_UPLOAD","message":"Candidate created from CV: DURYAB ANWAR","details":{"candidateId":"eb881d3f-0136-4011-bd19-28fed0ce4ae9","cvPath":"cv-1773093029501-387403724.pdf"},"pid":8124}
{"timestamp":"2026-03-09T21:50:32.262Z","level":"SUCCESS","category":"BULK_UPLOAD","message":"Candidate created from CV: Faizan Khurram","details":{"candidateId":"e9cb304e-3bad-4d68-90fb-fc10f105d8a1","cvPath":"cv-1773093031140-271625020.pdf"},"pid":8124}
{"timestamp":"2026-03-09T21:50:33.818Z","level":"SUCCESS","category":"BULK_UPLOAD","message":"Candidate created from CV: FARAN ARFI","details":{"candidateId":"06276f45-73b4-4316-b1f5-783a532b7d04","cvPath":"cv-1773093032822-95021992.pdf"},"pid":8124}
{"timestamp":"2026-03-09T21:50:35.195Z","level":"SUCCESS","category":"BULK_UPLOAD","message":"Candidate created from CV: HAJRA RAO","details":{"candidateId":"eac71e6f-8b3a-4033-b228-25fbc747cded","cvPath":"cv-1773093034335-669186707.pdf"},"pid":8124}
{"timestamp":"2026-03-09T21:50:37.085Z","level":"SUCCESS","category":"BULK_UPLOAD","message":"Candidate created from CV: MUHAMMAD HAMMAD KHAN","details":{"candidateId":"e0e95b84-3e19-43cb-b2de-18305c038123","cvPath":"cv-1773093035730-881655493.pdf"},"pid":8124}
{"timestamp":"2026-03-09T21:50:39.093Z","level":"SUCCESS","category":"BULK_UPLOAD","message":"Candidate created from CV: HARIS MUJEEB AHMED","details":{"candidateId":"79d0b690-b0fa-4520-aca8-134be4b22d83","cvPath":"cv-1773093037666-14228021.pdf"},"pid":8124}
{"timestamp":"2026-03-09T21:50:41.723Z","level":"SUCCESS","category":"BULK_UPLOAD","message":"Candidate created from CV: Kashaf Shakir","details":{"candidateId":"34be5274-fc24-4c85-82fc-c18f376d9f02","cvPath":"cv-1773093040547-142965506.pdf"},"pid":8124}
{"timestamp":"2026-03-09T21:50:49.498Z","level":"SUCCESS","category":"BULK_UPLOAD","message":"Candidate created from CV: Muhammad Saim Asim","details":{"candidateId":"9882d8e9-bd31-46fd-be84-a15f2c858d1b","cvPath":"cv-1773093048571-762869203.pdf"},"pid":8124}
{"timestamp":"2026-03-09T21:50:53.000Z","level":"SUCCESS","category":"BULK_UPLOAD","message":"Candidate created from CV: Sajjad Ali","details":{"candidateId":"9788466d-618b-4c4d-a79e-2ca88a353c5e","cvPath":"cv-1773093052175-391351938.pdf"},"pid":8124}
{"timestamp":"2026-03-09T21:50:54.834Z","level":"SUCCESS","category":"BULK_UPLOAD","message":"Candidate created from CV: Umema Waheed","details":{"candidateId":"2d375d80-58cc-4224-bfa2-38ea1f8b1b70","cvPath":"cv-1773093053525-92791816.pdf"},"pid":8124}
{"timestamp":"2026-03-09T21:50:56.312Z","level":"SUCCESS","category":"BULK_UPLOAD","message":"Candidate created from CV: Vimal Dewan","details":{"candidateId":"a0b2ea3c-ae4e-489a-bf93-9a4113d7174f","cvPath":"cv-1773093055381-171560090.pdf"},"pid":8124}
{"timestamp":"2026-03-09T22:30:29.166Z","level":"SUCCESS","category":"MESSAGE_REPLY","message":"Reply sent to MOAZ AKRAM KHAN","details":{"candidateId":"1783da55-c32a-4b30-a449-bfed699f7ba8","email":"moazkhan2002@gmail.com","subject":"Re: LIMI AI Assessment | MOAZ AKRAM KHAN"},"pid":8124}
{"timestamp":"2026-03-10T00:30:02.415Z","level":"SUCCESS","category":"RESCHEDULE","message":"Interview rescheduled for MOAZ AKRAM KHAN","details":{"candidateId":"1783da55-c32a-4b30-a449-bfed699f7ba8","oldDateTime":"2026-03-10T07:30:00","newDateTime":"2026-03-11T02:30:00.000Z"},"pid":8124}
{"timestamp":"2026-03-10T02:50:20.746Z","level":"SUCCESS","category":"MESSAGE_RECEIVED","message":"Message received from MOAZ AKRAM KHAN","details":{"candidateId":"1783da55-c32a-4b30-a449-bfed699f7ba8","email":"moazkhan2002@gmail.com","hasLinks":true},"pid":12376}
{"timestamp":"2026-03-10T02:50:25.814Z","level":"SUCCESS","category":"MESSAGE_RECEIVED","message":"Message received from Rayan Tanzeem","details":{"candidateId":"ec3c27dc-b35e-4f77-b578-447b311c3398","email":"tanzeemrayan2@gmail.com","hasLinks":true},"pid":12376}
{"timestamp":"2026-03-10T04:15:27.303Z","level":"SUCCESS","category":"MEETING","message":"Google Meet created for Rayan Tanzeem","details":{"candidateId":"ec3c27dc-b35e-4f77-b578-447b311c3398","meetLink":"https://meet.google.com/ney-ruky-ycn","eventId":"f1lhq2h25l66skl2g0lmpo9ek0","dateTime":"2026-03-11T08:30:00"},"pid":15836}
{"timestamp":"2026-03-10T04:15:50.105Z","level":"SUCCESS","category":"MEETING_INVITE","message":"Meeting invitation sent to Rayan Tanzeem","details":{"candidateId":"ec3c27dc-b35e-4f77-b578-447b311c3398","email":"tanzeemrayan2@gmail.com","meetLink":"https://meet.google.com/ney-ruky-ycn","dateTime":"2026-03-11T08:30:00"},"pid":15836}
{"timestamp":"2026-03-10T20:40:21.623Z","level":"SUCCESS","category":"MESSAGE_RECEIVED","message":"Message received from Muhammad Azib","details":{"candidateId":"8d77136d-2c94-4910-bf43-d2e711fd6c94","email":"m.azibraees@gmail.com","hasLinks":true},"pid":24768}
{"timestamp":"2026-03-10T20:40:31.803Z","level":"SUCCESS","category":"MESSAGE_RECEIVED","message":"Message received from Sabahat Akhtar","details":{"candidateId":"f64a2b3f-11f0-4008-8a32-256f80b2e26c","email":"sabahat.2001.akhtar@gmail.com","hasLinks":false},"pid":24768}
{"timestamp":"2026-03-11T03:41:49.486Z","level":"SUCCESS","category":"ASSESSMENT","message":"Assessment email sent to Fareha Ilyas","details":{"candidateId":"17c1830c-c0c8-4a99-94e8-15d9583480c6","email":"farehailyas6@gmail.com","subject":"LIMI AI Assessment | Fareha Ilyas","messageId":"19cdafc87e711015","hasAttachment":true},"pid":15524}
{"timestamp":"2026-03-11T03:43:46.557Z","level":"SUCCESS","category":"ASSESSMENT","message":"Assessment email sent to Noor Fatima","details":{"candidateId":"73285b3a-34cb-4016-aeb2-5f03df44cd43","email":"h.noorfatima7@gmail.com","subject":"LIMI AI Assessment | Noor Fatima","messageId":"19cdafe517ed3f17","hasAttachment":true},"pid":15524}
{"timestamp":"2026-03-11T03:47:54.904Z","level":"SUCCESS","category":"ASSESSMENT","message":"Assessment email sent to HAMAD QADIR","details":{"candidateId":"7d7f7b11-817b-40ad-8674-223ef0b3fb93","email":"hamadqadir05@gmail.com","subject":"LIMI AI Assessment | HAMAD QADIR","messageId":"19cdb021a6016f39","hasAttachment":true},"pid":15524}
{"timestamp":"2026-03-11T03:50:26.579Z","level":"SUCCESS","category":"MESSAGE_RECEIVED","message":"Message received from Rayan Tanzeem","details":{"candidateId":"ec3c27dc-b35e-4f77-b578-447b311c3398","email":"tanzeemrayan2@gmail.com","hasLinks":true},"pid":15524}
{"timestamp":"2026-03-11T03:50:33.075Z","level":"SUCCESS","category":"MESSAGE_RECEIVED","message":"Message received from HAMAD QADIR","details":{"candidateId":"7d7f7b11-817b-40ad-8674-223ef0b3fb93","email":"hamadqadir05@gmail.com","hasLinks":false},"pid":15524}
{"timestamp":"2026-03-11T03:50:33.562Z","level":"SUCCESS","category":"MESSAGE_RECEIVED","message":"Message received from Noor Fatima","details":{"candidateId":"73285b3a-34cb-4016-aeb2-5f03df44cd43","email":"h.noorfatima7@gmail.com","hasLinks":true},"pid":15524}
{"timestamp":"2026-03-11T03:50:34.008Z","level":"SUCCESS","category":"MESSAGE_RECEIVED","message":"Message received from Fareha Ilyas","details":{"candidateId":"17c1830c-c0c8-4a99-94e8-15d9583480c6","email":"farehailyas6@gmail.com","hasLinks":true},"pid":15524}
{"timestamp":"2026-03-11T03:50:47.574Z","level":"SUCCESS","category":"ASSESSMENT","message":"Assessment email sent to MUHAMMAD AURANG ZAIB","details":{"candidateId":"216fda10-cebb-4185-a3f5-28f9e76e8b24","email":"aurangzaibsial515@gmail.com","subject":"LIMI AI Assessment | MUHAMMAD AURANG ZAIB","messageId":"19cdb04bd3d80b75","hasAttachment":true},"pid":15524}
{"timestamp":"2026-03-11T03:52:34.538Z","level":"SUCCESS","category":"ASSESSMENT","message":"Assessment email sent to Javeria Anwar","details":{"candidateId":"7dd542af-9d15-42bc-b67e-ed310e875565","email":"f23bscs011@kinnaird.edu.pk","subject":"LIMI AI Assessment | Javeria Anwar","messageId":"19cdb065ec8360b8","hasAttachment":true},"pid":15524}
{"timestamp":"2026-03-11T03:55:12.227Z","level":"SUCCESS","category":"ASSESSMENT","message":"Assessment email sent to HARIS MUJEEB AHMED","details":{"candidateId":"79d0b690-b0fa-4520-aca8-134be4b22d83","email":"harisshujrah@gmail.com","subject":"LIMI AI Assessment | HARIS MUJEEB AHMED","messageId":"19cdb08c7aa42666","hasAttachment":true},"pid":15524}
{"timestamp":"2026-03-11T03:57:25.890Z","level":"SUCCESS","category":"ASSESSMENT","message":"Assessment email sent to Kashaf Shakir","details":{"candidateId":"34be5274-fc24-4c85-82fc-c18f376d9f02","email":"kashafshakir39@gmail.com","subject":"LIMI AI Assessment | Kashaf Shakir","messageId":"19cdb0ad0dfeff73","hasAttachment":true},"pid":15524}
{"timestamp":"2026-03-11T04:05:04.701Z","level":"SUCCESS","category":"ASSESSMENT","message":"Assessment email sent to Muhammad Saim Asim","details":{"candidateId":"9882d8e9-bd31-46fd-be84-a15f2c858d1b","email":"saimasimkhan8@gmail.com","subject":"LIMI AI Assessment | Muhammad Saim Asim","messageId":"19cdb11d1e0896a1","hasAttachment":true},"pid":15524}
{"timestamp":"2026-03-11T04:06:41.756Z","level":"SUCCESS","category":"ASSESSMENT","message":"Assessment email sent to Sajjad Ali","details":{"candidateId":"9788466d-618b-4c4d-a79e-2ca88a353c5e","email":"sajjadsahito276@gmail.com","subject":"LIMI AI Assessment | Sajjad Ali","messageId":"19cdb134c774be73","hasAttachment":true},"pid":15524}
{"timestamp":"2026-03-11T04:16:11.525Z","level":"SUCCESS","category":"ASSESSMENT","message":"Assessment email sent to Umema Waheed","details":{"candidateId":"2d375d80-58cc-4224-bfa2-38ea1f8b1b70","email":"umemawaheed7@gmail.com","subject":"LIMI AI Assessment | Umema Waheed","messageId":"19cdb1bfe50c2324","hasAttachment":true},"pid":6608}
{"timestamp":"2026-03-11T04:18:36.704Z","level":"SUCCESS","category":"ASSESSMENT","message":"Assessment email sent to Vimal Dewan","details":{"candidateId":"a0b2ea3c-ae4e-489a-bf93-9a4113d7174f","email":"vimallalwani2022@gmail.com","subject":"LIMI AI Assessment | Vimal Dewan","messageId":"19cdb1e34bbf3c7d","hasAttachment":true},"pid":6608}
{"timestamp":"2026-03-11T04:30:40.062Z","level":"SUCCESS","category":"ASSESSMENT","message":"Assessment email sent to DURYAB ANWAR","details":{"candidateId":"eb881d3f-0136-4011-bd19-28fed0ce4ae9","email":"anwarduryab@gmail.com","subject":"LIMI AI Assessment | DURYAB ANWAR","messageId":"19cdb293f9c5a069","hasAttachment":true},"pid":6608}
{"timestamp":"2026-03-11T04:33:16.653Z","level":"SUCCESS","category":"ASSESSMENT","message":"Assessment email sent to Faizan Khurram","details":{"candidateId":"e9cb304e-3bad-4d68-90fb-fc10f105d8a1","email":"faizan.khurram@hotmail.com","subject":"LIMI AI Assessment | Faizan Khurram","messageId":"19cdb2ba21efaee6","hasAttachment":true},"pid":6608}
{"timestamp":"2026-03-11T04:35:34.113Z","level":"SUCCESS","category":"ASSESSMENT","message":"Assessment email sent to FARAN ARFI","details":{"candidateId":"06276f45-73b4-4316-b1f5-783a532b7d04","email":"faranarfi1@email.com","subject":"LIMI AI Assessment | FARAN ARFI","messageId":"19cdb2dba595c7c0","hasAttachment":true},"pid":6608}
{"timestamp":"2026-03-11T04:37:25.994Z","level":"SUCCESS","category":"ASSESSMENT","message":"Assessment email sent to HAJRA RAO","details":{"candidateId":"eac71e6f-8b3a-4033-b228-25fbc747cded","email":"hajraraohr@gmail.com","subject":"LIMI AI Assessment | HAJRA RAO","messageId":"19cdb2f7162b973b","hasAttachment":true},"pid":6608}
{"timestamp":"2026-03-11T04:38:51.976Z","level":"SUCCESS","category":"ASSESSMENT","message":"Assessment email sent to MUHAMMAD HAMMAD KHAN","details":{"candidateId":"e0e95b84-3e19-43cb-b2de-18305c038123","email":"hammadkprofessional@gmail.com","subject":"LIMI AI Assessment | MUHAMMAD HAMMAD KHAN","messageId":"19cdb30c00738e7f","hasAttachment":true},"pid":6608}
{"timestamp":"2026-03-11T04:41:04.053Z","level":"SUCCESS","category":"ASSESSMENT","message":"Assessment email sent to Bashir Ahmed","details":{"candidateId":"0ad3b6d6-a9fb-4e68-ab46-faa056bf1c63","email":"bashirahmed44301@gmail.com","subject":"LIMI AI Assessment | Bashir Ahmed","messageId":"19cdb32c46d081d5","hasAttachment":true},"pid":6608}
{"timestamp":"2026-03-11T04:44:49.394Z","level":"SUCCESS","category":"ASSESSMENT","message":"Assessment email sent to MINHAJ KHAN","details":{"candidateId":"5492791c-264b-45c1-8303-11dc91cf8068","email":"minhajkhan.mk4@gmail.com","subject":"LIMI AI Assessment | MINHAJ KHAN","messageId":"19cdb36340224693","hasAttachment":true},"pid":6608}
{"timestamp":"2026-03-11T04:48:38.767Z","level":"SUCCESS","category":"ASSESSMENT","message":"Assessment email sent to IFFAT IQBAL","details":{"candidateId":"1259d7a8-5ea0-40c7-a524-dc9b3c141490","email":"iffatiqbal233@gmail.com","subject":"LIMI AI Assessment | IFFAT IQBAL","messageId":"19cdb39b5a94d237","hasAttachment":true},"pid":6608}
{"timestamp":"2026-03-11T04:50:57.704Z","level":"SUCCESS","category":"ASSESSMENT","message":"Assessment email sent to DeepakKumarRauta","details":{"candidateId":"1bbf71de-9217-4588-ad39-765395e038ba","email":"deepakrauta.33@gmail.com","subject":"LIMI AI Assessment | DeepakKumarRauta","messageId":"19cdb3bd30d691b5","hasAttachment":true},"pid":6608}
{"timestamp":"2026-03-11T04:53:14.695Z","level":"SUCCESS","category":"ASSESSMENT","message":"Assessment email sent to Abdullah Atta","details":{"candidateId":"a4a41f45-1420-4d57-903d-771a2ce45b76","email":"abdullahatta508@gmail.com","subject":"LIMI AI Assessment | Abdullah Atta","messageId":"19cdb3de91ff5133","hasAttachment":true},"pid":6608}
{"timestamp":"2026-03-11T04:54:39.847Z","level":"SUCCESS","category":"ASSESSMENT","message":"Assessment email sent to Riyasuman Padhy","details":{"candidateId":"ccd34197-e1b2-4ab6-8cf2-ecb2b35de2f9","email":"riyapadhy656@gmail.com","subject":"LIMI AI Assessment | Riyasuman Padhy","messageId":"19cdb3f363676458","hasAttachment":true},"pid":6608}
{"timestamp":"2026-03-16T21:01:19.655Z","level":"SUCCESS","category":"PDF_GEN","message":"PDF generated: assessment-f5064469-aa6e-4e14-a20d-6cde1941bc72-1773694879638.pdf","details":{"candidateId":"f5064469-aa6e-4e14-a20d-6cde1941bc72"},"pid":16764}
{"timestamp":"2026-03-16T21:01:25.316Z","level":"SUCCESS","category":"ASSESSMENT_PROCESS","message":"Assessment preview for Hassan Siddiqi","details":{"candidateId":"f5064469-aa6e-4e14-a20d-6cde1941bc72","mode":"preview"},"pid":16764}
{"timestamp":"2026-03-16T21:04:55.872Z","level":"SUCCESS","category":"PDF_GEN","message":"PDF generated: assessment-f5064469-aa6e-4e14-a20d-6cde1941bc72-1773695095840.pdf","details":{"candidateId":"f5064469-aa6e-4e14-a20d-6cde1941bc72"},"pid":16764}
{"timestamp":"2026-03-16T21:04:57.705Z","level":"SUCCESS","category":"ASSESSMENT_PROCESS","message":"Assessment preview for Hassan Siddiqi","details":{"candidateId":"f5064469-aa6e-4e14-a20d-6cde1941bc72","mode":"preview"},"pid":16764}
{"timestamp":"2026-03-16T21:14:28.759Z","level":"SUCCESS","category":"PDF_GEN","message":"PDF generated: assessment-f5064469-aa6e-4e14-a20d-6cde1941bc72-1773695668748.pdf","details":{"candidateId":"f5064469-aa6e-4e14-a20d-6cde1941bc72"},"pid":16764}
{"timestamp":"2026-03-16T21:14:30.561Z","level":"SUCCESS","category":"ASSESSMENT_PROCESS","message":"Assessment preview for Hassan Siddiqi","details":{"candidateId":"f5064469-aa6e-4e14-a20d-6cde1941bc72","mode":"preview"},"pid":16764}
{"timestamp":"2026-03-16T21:15:07.102Z","level":"SUCCESS","category":"PDF_GEN","message":"PDF generated: assessment-f5064469-aa6e-4e14-a20d-6cde1941bc72-1773695707091.pdf","details":{"candidateId":"f5064469-aa6e-4e14-a20d-6cde1941bc72"},"pid":16764}
{"timestamp":"2026-03-16T21:15:09.099Z","level":"SUCCESS","category":"ASSESSMENT_PROCESS","message":"Assessment preview for Hassan Siddiqi","details":{"candidateId":"f5064469-aa6e-4e14-a20d-6cde1941bc72","mode":"preview"},"pid":16764}
{"timestamp":"2026-03-16T21:25:27.396Z","level":"SUCCESS","category":"PDF_GEN","message":"PDF generated: assessment-4edd717e-ed21-400f-9d4c-55e997d0e042-1773696327385.pdf","details":{"candidateId":"4edd717e-ed21-400f-9d4c-55e997d0e042"},"pid":17596}
{"timestamp":"2026-03-16T21:25:32.206Z","level":"SUCCESS","category":"ASSESSMENT_PROCESS","message":"Assessment preview for ANAM MANSOOR","details":{"candidateId":"4edd717e-ed21-400f-9d4c-55e997d0e042","mode":"preview"},"pid":17596}
{"timestamp":"2026-03-16T21:33:59.846Z","level":"SUCCESS","category":"PDF_GEN","message":"PDF generated: assessment-4edd717e-ed21-400f-9d4c-55e997d0e042-1773696839823.pdf","details":{"candidateId":"4edd717e-ed21-400f-9d4c-55e997d0e042"},"pid":2160}
{"timestamp":"2026-03-16T21:34:01.734Z","level":"SUCCESS","category":"ASSESSMENT_PROCESS","message":"Assessment preview for ANAM MANSOOR","details":{"candidateId":"4edd717e-ed21-400f-9d4c-55e997d0e042","mode":"preview"},"pid":2160}
{"timestamp":"2026-03-17T00:19:26.351Z","level":"SUCCESS","category":"PDF_GEN","message":"PDF generated: assessment-ffaccada-1133-4abc-b937-0c549827f3c1-1773706766339.pdf","details":{"candidateId":"ffaccada-1133-4abc-b937-0c549827f3c1"},"pid":29660}
{"timestamp":"2026-03-17T00:19:34.109Z","level":"SUCCESS","category":"ASSESSMENT_PROCESS","message":"Assessment preview for Kamran Shahid","details":{"candidateId":"ffaccada-1133-4abc-b937-0c549827f3c1","mode":"preview"},"pid":29660}
{"timestamp":"2026-03-17T00:31:40.014Z","level":"SUCCESS","category":"NORMALIZE_POSITIONS","message":"Normalized 26 out of 67 candidates","details":{},"pid":19772}
{"timestamp":"2026-03-17T00:35:49.826Z","level":"SUCCESS","category":"NORMALIZE_POSITIONS","message":"Normalized 0 out of 67 candidates","details":{},"pid":19772}
{"timestamp":"2026-03-17T00:42:57.783Z","level":"SUCCESS","category":"NORMALIZE_POSITIONS","message":"Normalized 38 out of 67 candidates (26 via CV analysis)","details":{},"pid":16680}
{"timestamp":"2026-03-17T01:05:25.535Z","level":"SUCCESS","category":"PDF_GEN","message":"PDF generated: assessment-edd93fd7-4d9a-4e43-a568-973d6e152362-1773709525522.pdf","details":{"candidateId":"edd93fd7-4d9a-4e43-a568-973d6e152362"},"pid":17600}
{"timestamp":"2026-03-17T01:05:30.047Z","level":"SUCCESS","category":"ASSESSMENT_PROCESS","message":"Assessment automated for MOAZAM RASHEED","details":{"candidateId":"edd93fd7-4d9a-4e43-a568-973d6e152362","mode":"automated"},"pid":17600}
{"timestamp":"2026-03-17T01:06:27.395Z","level":"SUCCESS","category":"PDF_GEN","message":"PDF generated: assessment-c44733df-07f4-45e0-9ece-baed921021cd-1773709587391.pdf","details":{"candidateId":"c44733df-07f4-45e0-9ece-baed921021cd"},"pid":17600}
{"timestamp":"2026-03-17T01:08:45.680Z","level":"SUCCESS","category":"ASSESSMENT_PROCESS","message":"Assessment automated for Rubab Talha","details":{"candidateId":"c44733df-07f4-45e0-9ece-baed921021cd","mode":"automated"},"pid":17600}
{"timestamp":"2026-03-17T01:08:56.392Z","level":"SUCCESS","category":"PDF_GEN","message":"PDF generated: assessment-4babca6b-fd71-424a-ba2f-3f3f5b5bce67-1773709736385.pdf","details":{"candidateId":"4babca6b-fd71-424a-ba2f-3f3f5b5bce67"},"pid":17600}
{"timestamp":"2026-03-17T01:09:00.484Z","level":"SUCCESS","category":"ASSESSMENT_PROCESS","message":"Assessment automated for AMEER MOAWIA","details":{"candidateId":"4babca6b-fd71-424a-ba2f-3f3f5b5bce67","mode":"automated"},"pid":17600}
{"timestamp":"2026-03-17T01:09:08.721Z","level":"SUCCESS","category":"PDF_GEN","message":"PDF generated: assessment-63cf9e49-bfb0-4b6b-8705-cefca24ad002-1773709748717.pdf","details":{"candidateId":"63cf9e49-bfb0-4b6b-8705-cefca24ad002"},"pid":17600}
{"timestamp":"2026-03-17T01:09:10.302Z","level":"SUCCESS","category":"ASSESSMENT_PROCESS","message":"Assessment automated for ABDULLAH MUNIR","details":{"candidateId":"63cf9e49-bfb0-4b6b-8705-cefca24ad002","mode":"automated"},"pid":17600}
{"timestamp":"2026-03-17T01:09:10.321Z","level":"SUCCESS","category":"BATCH_PROCESS","message":"Batch processing complete: 0 processed, 4 failed","details":{},"pid":17600}
{"timestamp":"2026-03-17T01:09:55.476Z","level":"SUCCESS","category":"PDF_GEN","message":"PDF generated: assessment-1b60a52a-8b73-48e9-bf4e-92eb5c247350-1773709795473.pdf","details":{"candidateId":"1b60a52a-8b73-48e9-bf4e-92eb5c247350"},"pid":17600}
{"timestamp":"2026-03-17T01:09:57.028Z","level":"SUCCESS","category":"ASSESSMENT_PROCESS","message":"Assessment automated for ABDUL RAUF","details":{"candidateId":"1b60a52a-8b73-48e9-bf4e-92eb5c247350","mode":"automated"},"pid":17600}
{"timestamp":"2026-03-17T01:09:57.038Z","level":"SUCCESS","category":"BATCH_PROCESS","message":"Batch processing complete: 0 processed, 1 failed","details":{},"pid":17600}
{"timestamp":"2026-03-17T01:15:04.427Z","level":"SUCCESS","category":"PDF_GEN","message":"PDF generated: assessment-9e07532f-4f90-49c3-9926-39634bd7436f-1773710104415.pdf","details":{"candidateId":"9e07532f-4f90-49c3-9926-39634bd7436f"},"pid":31400}
{"timestamp":"2026-03-17T01:15:18.668Z","level":"SUCCESS","category":"ASSESSMENT_SEND","message":"Assessment sent to Aayan Altaf","details":{"candidateId":"9e07532f-4f90-49c3-9926-39634bd7436f"},"pid":31400}
{"timestamp":"2026-03-17T01:15:18.698Z","level":"SUCCESS","category":"ASSESSMENT_PROCESS","message":"Assessment send for Aayan Altaf","details":{"candidateId":"9e07532f-4f90-49c3-9926-39634bd7436f","mode":"send"},"pid":31400}
{"timestamp":"2026-03-17T01:15:31.700Z","level":"SUCCESS","category":"PDF_GEN","message":"PDF generated: assessment-63cf9e49-bfb0-4b6b-8705-cefca24ad002-1773710131696.pdf","details":{"candidateId":"63cf9e49-bfb0-4b6b-8705-cefca24ad002"},"pid":31400}
{"timestamp":"2026-03-17T01:15:41.524Z","level":"SUCCESS","category":"ASSESSMENT_SEND","message":"Assessment sent to ABDULLAH MUNIR","details":{"candidateId":"63cf9e49-bfb0-4b6b-8705-cefca24ad002"},"pid":31400}
{"timestamp":"2026-03-17T01:15:41.535Z","level":"SUCCESS","category":"ASSESSMENT_PROCESS","message":"Assessment send for ABDULLAH MUNIR","details":{"candidateId":"63cf9e49-bfb0-4b6b-8705-cefca24ad002","mode":"send"},"pid":31400}
{"timestamp":"2026-03-17T01:15:41.552Z","level":"SUCCESS","category":"BATCH_PROCESS","message":"Batch processing complete: 2 processed, 0 failed","details":{},"pid":31400}
{"timestamp":"2026-03-17T01:24:32.542Z","level":"SUCCESS","category":"PDF_GEN","message":"PDF generated: assessment-1b60a52a-8b73-48e9-bf4e-92eb5c247350-1773710672530.pdf","details":{"candidateId":"1b60a52a-8b73-48e9-bf4e-92eb5c247350"},"pid":30688}
{"timestamp":"2026-03-17T01:24:43.352Z","level":"SUCCESS","category":"ASSESSMENT_SEND","message":"Assessment sent to ABDUL RAUF","details":{"candidateId":"1b60a52a-8b73-48e9-bf4e-92eb5c247350"},"pid":30688}
{"timestamp":"2026-03-17T01:24:43.375Z","level":"SUCCESS","category":"ASSESSMENT_PROCESS","message":"Assessment send for ABDUL RAUF","details":{"candidateId":"1b60a52a-8b73-48e9-bf4e-92eb5c247350","mode":"send"},"pid":30688}
{"timestamp":"2026-03-17T01:24:43.425Z","level":"SUCCESS","category":"BATCH_PROCESS","message":"Batch processing complete: 1 processed, 0 failed","details":{},"pid":30688}
{"timestamp":"2026-03-17T05:21:32.967Z","level":"SUCCESS","category":"MEETING","message":"Google Meet created for HAJRA RAO","details":{"candidateId":"eac71e6f-8b3a-4033-b228-25fbc747cded","meetLink":"https://meet.google.com/pna-qqot-kdg","eventId":"f8ol4gqu8opi67oie15i6vfcbs","dateTime":"2026-03-17T22:00:00"},"pid":30688}
{"timestamp":"2026-03-17T05:21:53.044Z","level":"SUCCESS","category":"MEETING_INVITE","message":"Meeting invitation sent to HAJRA RAO","details":{"candidateId":"eac71e6f-8b3a-4033-b228-25fbc747cded","email":"hajraraohr@gmail.com","meetLink":"https://meet.google.com/pna-qqot-kdg","dateTime":"2026-03-17T22:00:00"},"pid":30688}
{"timestamp":"2026-03-17T05:25:55.961Z","level":"SUCCESS","category":"PDF_GEN","message":"PDF generated: assessment-ffaccada-1133-4abc-b937-0c549827f3c1-1773725155956.pdf","details":{"candidateId":"ffaccada-1133-4abc-b937-0c549827f3c1"},"pid":30688}
{"timestamp":"2026-03-17T05:25:57.446Z","level":"SUCCESS","category":"ASSESSMENT_PROCESS","message":"Assessment preview for Kamran Shahid","details":{"candidateId":"ffaccada-1133-4abc-b937-0c549827f3c1","mode":"preview"},"pid":30688}
{"timestamp":"2026-03-18T01:09:17.743Z","level":"SUCCESS","category":"AUTOMATION_SETTINGS","message":"Automation mode updated to: automated","details":{},"pid":23292}
{"timestamp":"2026-03-18T01:09:18.949Z","level":"SUCCESS","category":"AUTOMATION_SETTINGS","message":"Automation mode updated to: off","details":{},"pid":23292}
{"timestamp":"2026-03-18T01:25:45.379Z","level":"SUCCESS","category":"PDF_GEN","message":"PDF generated: assessment-f5064469-aa6e-4e14-a20d-6cde1941bc72-1773797145359.pdf","details":{"candidateId":"f5064469-aa6e-4e14-a20d-6cde1941bc72"},"pid":13768}
{"timestamp":"2026-03-18T01:25:47.371Z","level":"SUCCESS","category":"ASSESSMENT_PROCESS","message":"Assessment preview for Hassan Siddiqi","details":{"candidateId":"f5064469-aa6e-4e14-a20d-6cde1941bc72","mode":"preview"},"pid":13768}
{"timestamp":"2026-03-18T01:26:05.475Z","level":"SUCCESS","category":"PDF_GEN","message":"PDF generated: assessment-4edd717e-ed21-400f-9d4c-55e997d0e042-1773797165457.pdf","details":{"candidateId":"4edd717e-ed21-400f-9d4c-55e997d0e042"},"pid":13768}
{"timestamp":"2026-03-18T01:26:07.837Z","level":"SUCCESS","category":"ASSESSMENT_PROCESS","message":"Assessment preview for ANAM MANSOOR","details":{"candidateId":"4edd717e-ed21-400f-9d4c-55e997d0e042","mode":"preview"},"pid":13768}
{"timestamp":"2026-03-18T01:26:17.782Z","level":"SUCCESS","category":"PDF_GEN","message":"PDF generated: assessment-cd4520df-2d35-4f9c-bc72-e8dd73996f97-1773797177764.pdf","details":{"candidateId":"cd4520df-2d35-4f9c-bc72-e8dd73996f97"},"pid":13768}
{"timestamp":"2026-03-18T01:26:20.313Z","level":"SUCCESS","category":"ASSESSMENT_PROCESS","message":"Assessment preview for Akhyar Ahmed Turk","details":{"candidateId":"cd4520df-2d35-4f9c-bc72-e8dd73996f97","mode":"preview"},"pid":13768}
{"timestamp":"2026-03-18T01:26:32.283Z","level":"SUCCESS","category":"PDF_GEN","message":"PDF generated: assessment-ffaccada-1133-4abc-b937-0c549827f3c1-1773797192272.pdf","details":{"candidateId":"ffaccada-1133-4abc-b937-0c549827f3c1"},"pid":13768}
{"timestamp":"2026-03-18T01:26:34.643Z","level":"SUCCESS","category":"ASSESSMENT_PROCESS","message":"Assessment preview for Kamran Shahid","details":{"candidateId":"ffaccada-1133-4abc-b937-0c549827f3c1","mode":"preview"},"pid":13768}
{"timestamp":"2026-03-18T01:26:45.296Z","level":"SUCCESS","category":"PDF_GEN","message":"PDF generated: assessment-edd93fd7-4d9a-4e43-a568-973d6e152362-1773797205275.pdf","details":{"candidateId":"edd93fd7-4d9a-4e43-a568-973d6e152362"},"pid":13768}
{"timestamp":"2026-03-18T01:26:47.491Z","level":"SUCCESS","category":"ASSESSMENT_PROCESS","message":"Assessment preview for MOAZAM RASHEED","details":{"candidateId":"edd93fd7-4d9a-4e43-a568-973d6e152362","mode":"preview"},"pid":13768}
{"timestamp":"2026-03-18T01:26:59.142Z","level":"SUCCESS","category":"PDF_GEN","message":"PDF generated: assessment-c44733df-07f4-45e0-9ece-baed921021cd-1773797219123.pdf","details":{"candidateId":"c44733df-07f4-45e0-9ece-baed921021cd"},"pid":13768}
{"timestamp":"2026-03-18T01:27:01.276Z","level":"SUCCESS","category":"ASSESSMENT_PROCESS","message":"Assessment preview for Rubab Talha","details":{"candidateId":"c44733df-07f4-45e0-9ece-baed921021cd","mode":"preview"},"pid":13768}
{"timestamp":"2026-03-18T01:27:12.428Z","level":"SUCCESS","category":"PDF_GEN","message":"PDF generated: assessment-4babca6b-fd71-424a-ba2f-3f3f5b5bce67-1773797232407.pdf","details":{"candidateId":"4babca6b-fd71-424a-ba2f-3f3f5b5bce67"},"pid":13768}
{"timestamp":"2026-03-18T01:27:14.192Z","level":"SUCCESS","category":"ASSESSMENT_PROCESS","message":"Assessment preview for AMEER MOAWIA","details":{"candidateId":"4babca6b-fd71-424a-ba2f-3f3f5b5bce67","mode":"preview"},"pid":13768}
{"timestamp":"2026-03-18T01:27:14.214Z","level":"SUCCESS","category":"BATCH_PREVIEW","message":"Batch preview complete: 7 generated, 0 failed","details":{},"pid":13768}
{"timestamp":"2026-03-18T01:32:10.231Z","level":"SUCCESS","category":"PDF_GEN","message":"PDF generated: assessment-f5064469-aa6e-4e14-a20d-6cde1941bc72-1773797530207.pdf","details":{"candidateId":"f5064469-aa6e-4e14-a20d-6cde1941bc72"},"pid":20956}
{"timestamp":"2026-03-18T01:32:10.270Z","level":"SUCCESS","category":"ASSESSMENT_PROCESS","message":"Assessment preview for Hassan Siddiqi","details":{"candidateId":"f5064469-aa6e-4e14-a20d-6cde1941bc72","mode":"preview"},"pid":20956}
{"timestamp":"2026-03-18T01:32:20.827Z","level":"SUCCESS","category":"PDF_GEN","message":"PDF generated: assessment-4edd717e-ed21-400f-9d4c-55e997d0e042-1773797540800.pdf","details":{"candidateId":"4edd717e-ed21-400f-9d4c-55e997d0e042"},"pid":20956}
{"timestamp":"2026-03-18T01:32:20.858Z","level":"SUCCESS","category":"ASSESSMENT_PROCESS","message":"Assessment preview for ANAM MANSOOR","details":{"candidateId":"4edd717e-ed21-400f-9d4c-55e997d0e042","mode":"preview"},"pid":20956}
{"timestamp":"2026-03-18T01:32:20.876Z","level":"SUCCESS","category":"BATCH_PREVIEW","message":"Batch preview complete: 2 generated, 0 failed","details":{},"pid":20956}
{"timestamp":"2026-03-18T01:33:09.475Z","level":"SUCCESS","category":"PDF_GEN","message":"PDF generated: assessment-f5064469-aa6e-4e14-a20d-6cde1941bc72-1773797589460.pdf","details":{"candidateId":"f5064469-aa6e-4e14-a20d-6cde1941bc72"},"pid":20956}
{"timestamp":"2026-03-18T01:33:12.264Z","level":"SUCCESS","category":"ASSESSMENT_SEND","message":"Assessment sent to Hassan Siddiqi","details":{"candidateId":"f5064469-aa6e-4e14-a20d-6cde1941bc72"},"pid":20956}
{"timestamp":"2026-03-18T01:33:12.281Z","level":"SUCCESS","category":"ASSESSMENT_PROCESS","message":"Assessment send for Hassan Siddiqi","details":{"candidateId":"f5064469-aa6e-4e14-a20d-6cde1941bc72","mode":"send"},"pid":20956}
{"timestamp":"2026-03-18T01:33:22.946Z","level":"SUCCESS","category":"PDF_GEN","message":"PDF generated: assessment-4edd717e-ed21-400f-9d4c-55e997d0e042-1773797602932.pdf","details":{"candidateId":"4edd717e-ed21-400f-9d4c-55e997d0e042"},"pid":20956}
{"timestamp":"2026-03-18T01:33:24.763Z","level":"SUCCESS","category":"ASSESSMENT_SEND","message":"Assessment sent to ANAM MANSOOR","details":{"candidateId":"4edd717e-ed21-400f-9d4c-55e997d0e042"},"pid":20956}
{"timestamp":"2026-03-18T01:33:24.848Z","level":"SUCCESS","category":"ASSESSMENT_PROCESS","message":"Assessment send for ANAM MANSOOR","details":{"candidateId":"4edd717e-ed21-400f-9d4c-55e997d0e042","mode":"send"},"pid":20956}
{"timestamp":"2026-03-18T01:33:24.910Z","level":"SUCCESS","category":"BATCH_SEND","message":"Batch send complete: 2 sent, 0 failed","details":{},"pid":20956}
{"timestamp":"2026-03-18T01:34:55.636Z","level":"SUCCESS","category":"AUTOMATION_PROCESS","message":"Batch processing completed","details":{"processed":0,"skipped":0,"failed":0},"pid":20956}
{"timestamp":"2026-03-18T01:35:18.593Z","level":"SUCCESS","category":"AUTOMATION_PROCESS","message":"Batch processing completed","details":{"processed":0,"skipped":0,"failed":0},"pid":20956}
{"timestamp":"2026-03-18T01:35:23.534Z","level":"SUCCESS","category":"AUTOMATION_SETTINGS","message":"Automation mode updated to: automated","details":{},"pid":20956}
{"timestamp":"2026-03-18T01:35:25.007Z","level":"SUCCESS","category":"AUTOMATION_SETTINGS","message":"Automation mode updated to: off","details":{},"pid":20956}
